2025-03-04 00:00:31.000 [http-nio-8080-exec-2] INFO  com.example.service.InventoryService - POST /api/orders - 201 Created (7144ms)
2025-03-04 00:01:59.000 [http-nio-8080-exec-7] INFO  com.example.service.OrderService - Kafka consumer joined group: order-processing
2025-03-04 00:02:51.000 [scheduler-1] INFO  com.example.service.OrderService - Cleanup job started - removed 1778 expired sessions
2025-03-04 00:03:18.000 [http-nio-8080-exec-10] INFO  com.example.job.CleanupJob - Email sent to user_88603@example.com
2025-03-04 00:04:13.000 [kafka-consumer-1] INFO  com.example.job.SyncJob - Kafka consumer joined group: order-processing
2025-03-04 00:05:00.000 [http-nio-8080-exec-3] WARN  com.example.config.SecurityConfig - Disk usage at 79% on /var/log
2025-03-04 00:06:59.000 [http-nio-8080-exec-9] INFO  com.example.job.SyncJob - GET /health - 200 OK (2ms)
2025-03-04 00:08:51.000 [http-nio-8080-exec-2] INFO  com.example.config.SecurityConfig - Request processed: correlationId=c5194442-2d80-4f63-92c9-b06f8042eeed
2025-03-04 00:10:40.000 [kafka-consumer-1] INFO  com.example.controller.AdminController - SSL certificate valid until 2026-12-31
2025-03-04 00:11:54.000 [scheduler-2] INFO  com.example.service.NotificationService - Scheduled job completed in 3494ms
2025-03-04 00:13:08.000 [http-nio-8080-exec-5] INFO  com.example.service.NotificationService - Message published to queue: order.created
2025-03-04 00:13:33.000 [main] INFO  com.example.service.InventoryService - Metrics published: CPU=62%, Memory=30%, Connections=5/10
2025-03-04 00:14:43.000 [scheduler-2] WARN  com.example.repository.UserRepository - Disk usage at 77% on /var/log
2025-03-04 00:15:28.000 [http-nio-8080-exec-9] FATAL  com.example.job.MetricsJob - Kafka broker unreachable - message processing halted
org.apache.kafka.common.errors.TimeoutException: Failed to update metadata after 60000 ms
	at org.apache.kafka.clients.producer.KafkaProducer.doSend(KafkaProducer.java:999)
	at com.example.service.OrderService.publishEvent(OrderService.java:178)
	Caused by: java.net.ConnectException: Connection refused
	at java.base/sun.nio.ch.SocketChannelImpl.connect(SocketChannelImpl.java:741)
2025-03-04 00:16:08.000 [http-nio-8080-exec-9] INFO  com.example.service.InventoryService - POST /api/orders - 201 Created (619ms)
2025-03-04 00:16:29.000 [scheduler-1] INFO  com.example.job.CleanupJob - Request processed: correlationId=1b5ed935-0243-4f29-ad50-b13614f859a2
2025-03-04 00:16:53.000 [http-nio-8080-exec-9] INFO  com.example.service.DatabaseService - GET /api/products - 200 OK (5084ms)
2025-03-04 00:17:45.000 [http-nio-8080-exec-9] INFO  com.example.job.CleanupJob - GET /api/products - 200 OK (3100ms)
2025-03-04 00:18:47.000 [http-nio-8080-exec-2] INFO  com.example.service.UserService - GET /health - 200 OK (2ms)
2025-03-04 00:19:32.000 [main] INFO  com.example.service.InventoryService - Database connection pool initialized (size: 10)
2025-03-04 00:21:20.000 [scheduler-2] INFO  com.example.controller.AdminController - User authenticated successfully: user_54988
2025-03-04 00:23:09.000 [http-nio-8080-exec-10] FATAL  com.example.config.DatabaseConfig - Disk full - cannot write to /var/log
java.io.IOException: No space left on device
	at java.base/java.io.FileOutputStream.writeBytes(FileOutputStream.java:233)
	at ch.qos.logback.core.FileAppender.writeOut(FileAppender.java:156)
2025-03-04 00:25:00.000 [http-nio-8080-exec-9] INFO  com.example.controller.HealthController - PUT /api/users/profile - 200 OK (7041ms)
2025-03-04 00:26:31.000 [http-nio-8080-exec-1] INFO  com.example.job.SyncJob - Kafka consumer joined group: order-processing
2025-03-04 00:27:13.000 [kafka-consumer-2] INFO  com.example.config.DatabaseConfig - Cache refreshed successfully (2516 entries)
2025-03-04 00:27:27.000 [async-pool-2] INFO  com.example.repository.UserRepository - User authenticated successfully: user_67154
2025-03-04 00:28:10.000 [http-nio-8080-exec-3] INFO  com.example.service.AuthService - Cache refreshed successfully (867 entries)
2025-03-04 00:29:33.000 [main] INFO  com.example.repository.UserRepository - PUT /api/users/profile - 200 OK (1688ms)
2025-03-04 00:31:08.000 [http-nio-8080-exec-10] INFO  com.example.controller.HealthController - Batch processing completed: 4777 records in 1142ms
2025-03-04 00:32:22.000 [scheduler-2] INFO  com.example.controller.PaymentController - GET /api/products - 200 OK (132ms)
2025-03-04 00:33:49.000 [http-nio-8080-exec-2] INFO  com.example.job.CleanupJob - Request processed: correlationId=7c518909-895d-4dda-939f-54f9c5758900
2025-03-04 00:35:32.000 [http-nio-8080-exec-3] ERROR  com.example.service.NotificationService - AccessDeniedException: User not authorized
org.springframework.security.access.AccessDeniedException: Access is denied
	at org.springframework.security.access.vote.AffirmativeBased.decide(AffirmativeBased.java:73)
	at com.example.controller.AdminController.deleteUser(AdminController.java:89)
	at org.springframework.web.servlet.FrameworkServlet.service(FrameworkServlet.java:897)
2025-03-04 00:36:52.000 [kafka-consumer-1] INFO  com.example.config.DatabaseConfig - Request processed: correlationId=dc9bc293-24f5-4ea1-82ea-25381cbdbbb7
2025-03-04 00:38:37.000 [http-nio-8080-exec-3] INFO  com.example.service.AuthService - GET /health - 200 OK (2ms)
2025-03-04 00:39:23.000 [scheduler-1] INFO  com.example.job.CleanupJob - PUT /api/users/profile - 200 OK (5866ms)
2025-03-04 00:41:15.000 [http-nio-8080-exec-2] INFO  com.example.job.CleanupJob - GET /api/users - 200 OK (6152ms)
2025-03-04 00:42:30.000 [http-nio-8080-exec-1] INFO  com.example.job.SyncJob - Cache refreshed successfully (4047 entries)
2025-03-04 00:44:12.000 [http-nio-8080-exec-1] WARN  com.example.controller.AdminController - Response time degradation detected on /api/orders (6836ms avg)
2025-03-04 00:45:51.000 [http-nio-8080-exec-6] INFO  com.example.service.PaymentService - Metrics published: CPU=88%, Memory=47%, Connections=9/10
2025-03-04 00:47:10.000 [http-nio-8080-exec-10] INFO  com.example.service.DatabaseService - GET /health - 200 OK (2ms)
2025-03-04 00:48:17.000 [kafka-consumer-1] INFO  com.example.service.InventoryService - Configuration reloaded from application.properties
2025-03-04 00:49:03.000 [async-pool-1] INFO  com.example.service.PaymentService - PUT /api/users/profile - 200 OK (4524ms)
2025-03-04 00:50:24.000 [http-nio-8080-exec-2] INFO  com.example.service.NotificationService - POST /api/orders - 201 Created (7488ms)
2025-03-04 00:52:12.000 [scheduler-2] INFO  com.example.service.CacheService - Cleanup job started - removed 4289 expired sessions
2025-03-04 00:53:17.000 [http-nio-8080-exec-6] INFO  com.example.service.UserService - Cache refreshed successfully (3710 entries)
2025-03-04 00:54:06.000 [async-pool-2] INFO  com.example.repository.OrderRepository - SSL certificate valid until 2026-12-31
2025-03-04 00:54:18.000 [kafka-consumer-1] INFO  com.example.service.CacheService - Kafka consumer joined group: order-processing
2025-03-04 00:56:10.000 [scheduler-2] INFO  com.example.service.PaymentService - DELETE /api/sessions/59372 - 204 No Content
2025-03-04 00:56:46.000 [kafka-consumer-2] INFO  com.example.controller.HealthController - GET /health - 200 OK (2ms)
2025-03-04 00:57:29.000 [http-nio-8080-exec-10] ERROR  com.example.controller.AdminController - AccessDeniedException: User not authorized
org.springframework.security.access.AccessDeniedException: Access is denied
	at org.springframework.security.access.vote.AffirmativeBased.decide(AffirmativeBased.java:73)
	at com.example.controller.AdminController.deleteUser(AdminController.java:89)
	at org.springframework.web.servlet.FrameworkServlet.service(FrameworkServlet.java:897)
2025-03-04 00:58:28.000 [http-nio-8080-exec-9] INFO  com.example.config.DatabaseConfig - GET /api/users - 200 OK (1314ms)
2025-03-04 00:59:19.000 [scheduler-1] INFO  com.example.service.UserService - DELETE /api/sessions/49122 - 204 No Content
2025-03-04 00:59:53.000 [http-nio-8080-exec-4] WARN  com.example.job.SyncJob - Retry attempt 2/3 for external service call
2025-03-04 01:01:32.000 [async-pool-2] INFO  com.example.service.ReportService - DELETE /api/sessions/66670 - 204 No Content
2025-03-04 01:02:19.000 [scheduler-2] ERROR  com.example.controller.HealthController - Scheduled task failed: data-sync-job
2025-03-04 01:03:43.000 [http-nio-8080-exec-4] INFO  com.example.controller.PaymentController - Cleanup job started - removed 1756 expired sessions
2025-03-04 01:03:59.000 [http-nio-8080-exec-9] INFO  com.example.service.CacheService - Email sent to user_77407@example.com
2025-03-04 01:05:42.000 [main] INFO  com.example.service.NotificationService - User authenticated successfully: user_72470
2025-03-04 01:07:16.000 [http-nio-8080-exec-10] INFO  com.example.service.NotificationService - Database connection pool initialized (size: 10)
2025-03-04 01:07:55.000 [http-nio-8080-exec-10] INFO  com.example.service.OrderService - Scheduled job completed in 7838ms
2025-03-04 01:09:52.000 [http-nio-8080-exec-3] INFO  com.example.service.EmailService - Email sent to user_14422@example.com
2025-03-04 01:10:44.000 [http-nio-8080-exec-6] INFO  com.example.service.DatabaseService - POST /api/orders - 201 Created (4234ms)
2025-03-04 01:11:16.000 [http-nio-8080-exec-6] INFO  com.example.repository.OrderRepository - PUT /api/users/profile - 200 OK (6439ms)
2025-03-04 01:11:18.000 [async-pool-2] INFO  com.example.controller.HealthController - User authenticated successfully: user_48252
2025-03-04 01:12:12.000 [http-nio-8080-exec-10] INFO  com.example.service.CacheService - Email sent to user_22907@example.com
2025-03-04 01:12:58.000 [http-nio-8080-exec-8] INFO  com.example.job.BackupJob - User authenticated successfully: user_75828
2025-03-04 01:14:42.000 [http-nio-8080-exec-6] INFO  com.example.service.InventoryService - Metrics published: CPU=94%, Memory=49%, Connections=8/10
2025-03-04 01:16:02.000 [kafka-consumer-1] INFO  com.example.controller.HealthController - PUT /api/users/profile - 200 OK (6377ms)
2025-03-04 01:16:55.000 [http-nio-8080-exec-5] INFO  com.example.repository.OrderRepository - Metrics published: CPU=74%, Memory=40%, Connections=5/10
2025-03-04 01:18:00.000 [http-nio-8080-exec-5] DEBUG  com.example.service.EmailService - Detailed trace for request 80ae2405-60e5-468d-adf0-ac13f8f91b75
2025-03-04 01:19:09.000 [main] FATAL  com.example.service.UserService - Disk full - cannot write to /var/log
java.io.IOException: No space left on device
	at java.base/java.io.FileOutputStream.writeBytes(FileOutputStream.java:233)
	at ch.qos.logback.core.FileAppender.writeOut(FileAppender.java:156)
2025-03-04 01:19:13.000 [http-nio-8080-exec-6] ERROR  com.example.controller.UserController - StackOverflowError in recursive call
java.lang.StackOverflowError
	at com.example.service.CacheService.resolve(CacheService.java:34)
	at com.example.service.CacheService.resolve(CacheService.java:36)
	at com.example.service.CacheService.resolve(CacheService.java:36)
	at com.example.service.CacheService.resolve(CacheService.java:36)
	... 1024 more
2025-03-04 01:19:42.000 [http-nio-8080-exec-1] INFO  com.example.job.BackupJob - GET /health - 200 OK (2ms)
2025-03-04 01:20:31.000 [http-nio-8080-exec-6] INFO  com.example.job.SyncJob - Cleanup job started - removed 3205 expired sessions
2025-03-04 01:22:23.000 [http-nio-8080-exec-4] INFO  com.example.config.DatabaseConfig - Configuration reloaded from application.properties
2025-03-04 01:22:56.000 [scheduler-1] WARN  com.example.service.PaymentService - Cache miss rate exceeding threshold (75%)
2025-03-04 01:24:26.000 [scheduler-2] WARN  com.example.service.EmailService - Cache miss rate exceeding threshold (41%)
2025-03-04 01:25:41.000 [main] INFO  com.example.job.BackupJob - GET /health - 200 OK (2ms)
2025-03-04 01:26:51.000 [http-nio-8080-exec-8] INFO  com.example.service.InventoryService - Cache refreshed successfully (777 entries)
2025-03-04 01:28:21.000 [main] INFO  com.example.service.AuthService - Message published to queue: order.created
2025-03-04 01:29:19.000 [kafka-consumer-2] WARN  com.example.service.DatabaseService - JWT token expiring in less than 5 minutes for user_88205
2025-03-04 01:29:46.000 [scheduler-2] INFO  com.example.repository.OrderRepository - Metrics published: CPU=42%, Memory=87%, Connections=10/10
2025-03-04 01:31:22.000 [scheduler-1] INFO  com.example.job.CleanupJob - Cleanup job started - removed 4993 expired sessions
2025-03-04 01:32:54.000 [http-nio-8080-exec-4] INFO  com.example.job.SyncJob - Kafka consumer joined group: order-processing
2025-03-04 01:33:25.000 [http-nio-8080-exec-6] INFO  com.example.service.CacheService - PUT /api/users/profile - 200 OK (416ms)
2025-03-04 01:33:29.000 [http-nio-8080-exec-7] INFO  com.example.controller.HealthController - Batch processing completed: 3719 records in 7596ms
2025-03-04 01:35:06.000 [http-nio-8080-exec-10] INFO  com.example.controller.PaymentController - Report generated: monthly_sales_2025-03.pdf
2025-03-04 01:36:39.000 [http-nio-8080-exec-9] INFO  com.example.job.MetricsJob - PUT /api/users/profile - 200 OK (7480ms)
2025-03-04 01:38:05.000 [http-nio-8080-exec-7] DEBUG  com.example.controller.OrderController - Detailed trace for request 9bca0844-6abe-474e-82a3-e4bf43b11ec4
2025-03-04 01:39:46.000 [http-nio-8080-exec-6] INFO  com.example.controller.HealthController - POST /api/orders - 201 Created (5123ms)
2025-03-04 01:40:32.000 [http-nio-8080-exec-10] ERROR  com.example.service.PaymentService - IllegalStateException: Transaction already committed
java.lang.IllegalStateException: Transaction already committed
	at org.hibernate.internal.SessionImpl.checkTransactionStatus(SessionImpl.java:456)
	at com.example.service.OrderService.updateStatus(OrderService.java:112)
	at com.example.job.SyncJob.processOrders(SyncJob.java:34)
2025-03-04 01:40:48.000 [http-nio-8080-exec-4] WARN  com.example.service.UserService - Disk usage at 43% on /var/log
2025-03-04 01:41:26.000 [kafka-consumer-2] INFO  com.example.repository.UserRepository - SSL certificate valid until 2026-12-31
2025-03-04 01:43:01.000 [async-pool-2] INFO  com.example.controller.PaymentController - Request processed: correlationId=e734ab7b-e251-4d3d-9758-5cc2a74913b9
2025-03-04 01:44:27.000 [http-nio-8080-exec-10] INFO  com.example.job.CleanupJob - PUT /api/users/profile - 200 OK (1038ms)
2025-03-04 01:45:40.000 [scheduler-1] INFO  com.example.service.CacheService - Report generated: monthly_sales_2025-03.pdf
2025-03-04 01:47:13.000 [http-nio-8080-exec-2] INFO  com.example.repository.ProductRepository - GET /health - 200 OK (2ms)
2025-03-04 01:47:31.000 [kafka-consumer-1] WARN  com.example.controller.OrderController - Payment gateway response slow (6837ms)
2025-03-04 01:49:29.000 [http-nio-8080-exec-4] INFO  com.example.repository.UserRepository - Kafka consumer joined group: order-processing
2025-03-04 01:49:31.000 [http-nio-8080-exec-10] INFO  com.example.config.DatabaseConfig - Database connection pool initialized (size: 10)
2025-03-04 01:50:35.000 [async-pool-1] INFO  com.example.job.BackupJob - Email sent to user_21327@example.com
2025-03-04 01:51:18.000 [kafka-consumer-2] INFO  com.example.repository.ProductRepository - Request processed: correlationId=3b8a9c39-57c3-4544-bcde-56e768d9b837
2025-03-04 01:53:04.000 [http-nio-8080-exec-9] ERROR  com.example.service.UserService - AccessDeniedException: User not authorized
org.springframework.security.access.AccessDeniedException: Access is denied
	at org.springframework.security.access.vote.AffirmativeBased.decide(AffirmativeBased.java:73)
	at com.example.controller.AdminController.deleteUser(AdminController.java:89)
	at org.springframework.web.servlet.FrameworkServlet.service(FrameworkServlet.java:897)
2025-03-04 01:54:08.000 [scheduler-1] INFO  com.example.job.MetricsJob - Message published to queue: order.created
2025-03-04 01:54:46.000 [scheduler-1] INFO  com.example.service.NotificationService - SSL certificate valid until 2026-12-31
2025-03-04 01:55:25.000 [http-nio-8080-exec-1] INFO  com.example.service.DatabaseService - Scheduled job completed in 4672ms
2025-03-04 01:57:06.000 [kafka-consumer-2] WARN  com.example.controller.PaymentController - Connection pool exhaustion approaching: 3598/10 active
2025-03-04 01:57:24.000 [scheduler-2] INFO  com.example.service.EmailService - User authenticated successfully: user_50620
2025-03-04 01:57:57.000 [http-nio-8080-exec-7] DEBUG  com.example.job.BackupJob - Detailed trace for request fcea4e4d-f135-4620-9860-770fcb23d690
2025-03-04 01:59:37.000 [http-nio-8080-exec-2] INFO  com.example.service.InventoryService - Metrics published: CPU=89%, Memory=75%, Connections=1/10
2025-03-04 01:59:56.000 [main] DEBUG  com.example.job.SyncJob - Detailed trace for request fb8ca4b0-ccf7-43fe-b991-0d96ddadfd5e
2025-03-04 02:01:38.000 [main] INFO  com.example.job.SyncJob - SSL certificate valid until 2026-12-31
2025-03-04 02:02:35.000 [http-nio-8080-exec-3] INFO  com.example.controller.OrderController - Metrics published: CPU=20%, Memory=80%, Connections=3/10
2025-03-04 02:03:11.000 [scheduler-2] INFO  com.example.service.AuthService - Kafka consumer joined group: order-processing
2025-03-04 02:04:53.000 [scheduler-2] ERROR  com.example.repository.ProductRepository - DataIntegrityViolationException: Duplicate key
org.springframework.dao.DataIntegrityViolationException: Duplicate entry 'order-12345' for key 'PRIMARY'
	at org.springframework.orm.jpa.vendor.HibernateJpaDialect.convertHibernateAccessException(HibernateJpaDialect.java:276)
	at com.example.repository.OrderRepository.save(OrderRepository.java:45)
	at com.example.service.OrderService.createOrder(OrderService.java:89)
2025-03-04 02:05:00.000 [kafka-consumer-1] INFO  com.example.controller.HealthController - PUT /api/users/profile - 200 OK (598ms)
2025-03-04 02:05:47.000 [http-nio-8080-exec-6] INFO  com.example.config.SecurityConfig - Kafka consumer joined group: order-processing
2025-03-04 02:07:08.000 [scheduler-1] INFO  com.example.controller.UserController - Database connection pool initialized (size: 10)
2025-03-04 02:08:44.000 [http-nio-8080-exec-2] INFO  com.example.repository.UserRepository - Cleanup job started - removed 3882 expired sessions
2025-03-04 02:09:01.000 [http-nio-8080-exec-2] INFO  com.example.service.AuthService - Request processed: correlationId=940503a0-05e5-4c2f-b06e-60543cab0fc0
2025-03-04 02:10:01.000 [http-nio-8080-exec-9] ERROR  com.example.repository.UserRepository - JsonParseException: Unexpected token at position 45
com.fasterxml.jackson.core.JsonParseException: Unexpected token at position 45
	at com.fasterxml.jackson.core.JsonParser._reportUnexpectedToken(JsonParser.java:234)
	at com.example.service.UserService.parseProfile(UserService.java:67)
	at com.example.controller.UserController.getProfile(UserController.java:89)
2025-03-04 02:11:20.000 [http-nio-8080-exec-7] INFO  com.example.job.SyncJob - POST /api/orders - 201 Created (6365ms)
2025-03-04 02:11:45.000 [http-nio-8080-exec-5] INFO  com.example.service.ReportService - DELETE /api/sessions/31618 - 204 No Content
2025-03-04 02:12:47.000 [http-nio-8080-exec-7] WARN  com.example.service.AuthService - Disk usage at 66% on /var/log
2025-03-04 02:13:44.000 [kafka-consumer-2] INFO  com.example.service.CacheService - PUT /api/users/profile - 200 OK (2443ms)
2025-03-04 02:14:46.000 [kafka-consumer-2] INFO  com.example.controller.OrderController - Configuration reloaded from application.properties
2025-03-04 02:16:21.000 [http-nio-8080-exec-10] INFO  com.example.service.PaymentService - POST /api/orders - 201 Created (6036ms)
2025-03-04 02:18:10.000 [http-nio-8080-exec-7] INFO  com.example.service.OrderService - DELETE /api/sessions/95019 - 204 No Content
2025-03-04 02:19:25.000 [kafka-consumer-2] INFO  com.example.job.BackupJob - Message published to queue: order.created
2025-03-04 02:20:26.000 [kafka-consumer-2] INFO  com.example.service.DatabaseService - DELETE /api/sessions/4810 - 204 No Content
2025-03-04 02:21:00.000 [kafka-consumer-1] INFO  com.example.job.CleanupJob - Report generated: monthly_sales_2025-03.pdf
2025-03-04 02:21:17.000 [http-nio-8080-exec-7] INFO  com.example.service.UserService - DELETE /api/sessions/47609 - 204 No Content
2025-03-04 02:22:27.000 [kafka-consumer-2] INFO  com.example.repository.OrderRepository - Scheduled job completed in 5164ms
2025-03-04 02:22:46.000 [async-pool-1] INFO  com.example.service.NotificationService - Report generated: monthly_sales_2025-03.pdf
2025-03-04 02:23:32.000 [kafka-consumer-1] INFO  com.example.service.CacheService - Database connection pool initialized (size: 10)
2025-03-04 02:25:20.000 [async-pool-2] INFO  com.example.service.UserService - Scheduled job completed in 3336ms
2025-03-04 02:26:10.000 [kafka-consumer-1] INFO  com.example.service.AuthService - GET /health - 200 OK (2ms)
2025-03-04 02:26:28.000 [main] INFO  com.example.controller.OrderController - Scheduled job completed in 7626ms
2025-03-04 02:26:43.000 [http-nio-8080-exec-7] INFO  com.example.service.OrderService - DELETE /api/sessions/7849 - 204 No Content
2025-03-04 02:28:33.000 [main] DEBUG  com.example.service.UserService - Detailed trace for request 02dff890-2e9b-4d11-a638-8befbc33a068
2025-03-04 02:29:17.000 [kafka-consumer-2] INFO  com.example.service.EmailService - Cleanup job started - removed 3223 expired sessions
2025-03-04 02:29:45.000 [async-pool-2] INFO  com.example.controller.HealthController - User authenticated successfully: user_34273
2025-03-04 02:31:39.000 [scheduler-1] INFO  com.example.repository.OrderRepository - Request processed: correlationId=0733c95a-e816-41a5-9889-a51ed3c4ddc3
2025-03-04 02:33:21.000 [kafka-consumer-1] INFO  com.example.job.BackupJob - POST /api/orders - 201 Created (6728ms)
2025-03-04 02:34:34.000 [async-pool-1] INFO  com.example.service.CacheService - Cache refreshed successfully (1029 entries)
2025-03-04 02:36:27.000 [http-nio-8080-exec-3] INFO  com.example.service.PaymentService - Database connection pool initialized (size: 10)
2025-03-04 02:37:50.000 [http-nio-8080-exec-5] INFO  com.example.config.DatabaseConfig - Cache refreshed successfully (2659 entries)
2025-03-04 02:38:44.000 [http-nio-8080-exec-5] INFO  com.example.job.BackupJob - Kafka consumer joined group: order-processing
2025-03-04 02:39:45.000 [scheduler-2] INFO  com.example.controller.PaymentController - User authenticated successfully: user_45167
2025-03-04 02:41:45.000 [async-pool-1] INFO  com.example.service.InventoryService - GET /health - 200 OK (2ms)
2025-03-04 02:42:59.000 [scheduler-1] INFO  com.example.service.EmailService - Database connection pool initialized (size: 10)
2025-03-04 02:44:49.000 [http-nio-8080-exec-1] INFO  com.example.job.CleanupJob - SSL certificate valid until 2026-12-31
2025-03-04 02:46:40.000 [http-nio-8080-exec-10] INFO  com.example.repository.OrderRepository - User authenticated successfully: user_63821
2025-03-04 02:48:08.000 [kafka-consumer-2] INFO  com.example.controller.UserController - Request processed: correlationId=d71ba7c8-c487-48b8-9b9e-8130c60eca29
2025-03-04 02:48:50.000 [http-nio-8080-exec-9] INFO  com.example.config.DatabaseConfig - SSL certificate valid until 2026-12-31
2025-03-04 02:50:42.000 [scheduler-2] INFO  com.example.service.CacheService - SSL certificate valid until 2026-12-31
2025-03-04 02:51:05.000 [http-nio-8080-exec-4] INFO  com.example.config.SecurityConfig - GET /api/products - 200 OK (3343ms)
2025-03-04 02:52:46.000 [http-nio-8080-exec-10] INFO  com.example.job.SyncJob - GET /api/products - 200 OK (6350ms)
2025-03-04 02:53:03.000 [http-nio-8080-exec-3] INFO  com.example.service.AuthService - User authenticated successfully: user_50285
2025-03-04 02:53:05.000 [http-nio-8080-exec-4] INFO  com.example.service.CacheService - User authenticated successfully: user_62340
2025-03-04 02:54:09.000 [http-nio-8080-exec-1] INFO  com.example.service.InventoryService - GET /api/products - 200 OK (297ms)
2025-03-04 02:55:58.000 [http-nio-8080-exec-10] INFO  com.example.service.CacheService - Cleanup job started - removed 4466 expired sessions
2025-03-04 02:57:34.000 [http-nio-8080-exec-2] INFO  com.example.service.DatabaseService - Email sent to user_68906@example.com
2025-03-04 02:58:14.000 [http-nio-8080-exec-3] INFO  com.example.job.BackupJob - Cleanup job started - removed 2565 expired sessions
2025-03-04 03:00:10.000 [kafka-consumer-2] INFO  com.example.repository.UserRepository - Cleanup job started - removed 1203 expired sessions
2025-03-04 03:00:54.000 [kafka-consumer-2] INFO  com.example.controller.HealthController - Configuration reloaded from application.properties
2025-03-04 03:02:18.000 [http-nio-8080-exec-9] INFO  com.example.service.InventoryService - POST /api/orders - 201 Created (2627ms)
2025-03-04 03:03:41.000 [kafka-consumer-2] ERROR  com.example.repository.OrderRepository - DataIntegrityViolationException: Duplicate key
org.springframework.dao.DataIntegrityViolationException: Duplicate entry 'order-12345' for key 'PRIMARY'
	at org.springframework.orm.jpa.vendor.HibernateJpaDialect.convertHibernateAccessException(HibernateJpaDialect.java:276)
	at com.example.repository.OrderRepository.save(OrderRepository.java:45)
	at com.example.service.OrderService.createOrder(OrderService.java:89)
2025-03-04 03:05:21.000 [http-nio-8080-exec-3] INFO  com.example.service.CacheService - Cleanup job started - removed 3235 expired sessions
2025-03-04 03:06:43.000 [scheduler-2] ERROR  com.example.service.AuthService - JsonParseException: Unexpected token at position 45
com.fasterxml.jackson.core.JsonParseException: Unexpected token at position 45
	at com.fasterxml.jackson.core.JsonParser._reportUnexpectedToken(JsonParser.java:234)
	at com.example.service.UserService.parseProfile(UserService.java:67)
	at com.example.controller.UserController.getProfile(UserController.java:89)
2025-03-04 03:08:23.000 [main] INFO  com.example.controller.HealthController - Message published to queue: order.created
2025-03-04 03:08:34.000 [http-nio-8080-exec-6] INFO  com.example.service.UserService - GET /health - 200 OK (2ms)
2025-03-04 03:08:43.000 [http-nio-8080-exec-6] INFO  com.example.controller.OrderController - Kafka consumer joined group: order-processing
2025-03-04 03:10:34.000 [http-nio-8080-exec-4] INFO  com.example.job.BackupJob - Batch processing completed: 468 records in 2576ms
2025-03-04 03:12:11.000 [scheduler-2] INFO  com.example.controller.PaymentController - SSL certificate valid until 2026-12-31
2025-03-04 03:13:13.000 [http-nio-8080-exec-2] ERROR  com.example.job.MetricsJob - Authentication failed for user: admin_86680
2025-03-04 03:14:47.000 [kafka-consumer-1] WARN  com.example.service.EmailService - Response time degradation detected on /api/orders (4623ms avg)
2025-03-04 03:16:33.000 [scheduler-2] INFO  com.example.controller.OrderController - GET /api/products - 200 OK (7290ms)
2025-03-04 03:17:28.000 [http-nio-8080-exec-7] INFO  com.example.service.EmailService - Database connection pool initialized (size: 10)
2025-03-04 03:17:44.000 [http-nio-8080-exec-8] INFO  com.example.service.InventoryService - Database connection pool initialized (size: 10)
2025-03-04 03:19:42.000 [main] INFO  com.example.service.EmailService - Report generated: monthly_sales_2025-03.pdf
2025-03-04 03:21:31.000 [scheduler-1] ERROR  com.example.config.SecurityConfig - IllegalStateException: Transaction already committed
java.lang.IllegalStateException: Transaction already committed
	at org.hibernate.internal.SessionImpl.checkTransactionStatus(SessionImpl.java:456)
	at com.example.service.OrderService.updateStatus(OrderService.java:112)
	at com.example.job.SyncJob.processOrders(SyncJob.java:34)
2025-03-04 03:22:25.000 [http-nio-8080-exec-2] INFO  com.example.service.ReportService - Batch processing completed: 1260 records in 6750ms
2025-03-04 03:23:47.000 [http-nio-8080-exec-3] INFO  com.example.job.CleanupJob - DELETE /api/sessions/47924 - 204 No Content
2025-03-04 03:25:34.000 [http-nio-8080-exec-3] WARN  com.example.controller.UserController - Retry attempt 1/3 for external service call
2025-03-04 03:26:33.000 [http-nio-8080-exec-4] INFO  com.example.service.DatabaseService - GET /api/users - 200 OK (5709ms)
2025-03-04 03:28:09.000 [http-nio-8080-exec-4] INFO  com.example.job.MetricsJob - Email sent to user_87222@example.com
2025-03-04 03:28:46.000 [async-pool-1] INFO  com.example.service.AuthService - Scheduled job completed in 623ms
2025-03-04 03:28:57.000 [main] INFO  com.example.service.InventoryService - Email sent to user_85027@example.com
2025-03-04 03:29:30.000 [http-nio-8080-exec-3] INFO  com.example.service.EmailService - Kafka consumer joined group: order-processing
2025-03-04 03:31:24.000 [kafka-consumer-2] DEBUG  com.example.job.CleanupJob - Detailed trace for request 14298a09-036d-4c53-9cf3-6e621c244842
2025-03-04 03:32:46.000 [http-nio-8080-exec-6] INFO  com.example.service.EmailService - Email sent to user_75749@example.com
2025-03-04 03:33:18.000 [http-nio-8080-exec-2] INFO  com.example.service.DatabaseService - Report generated: monthly_sales_2025-03.pdf
2025-03-04 03:33:24.000 [http-nio-8080-exec-3] INFO  com.example.config.DatabaseConfig - Report generated: monthly_sales_2025-03.pdf
2025-03-04 03:33:33.000 [async-pool-2] INFO  com.example.service.EmailService - Cache refreshed successfully (428 entries)
2025-03-04 03:34:36.000 [async-pool-1] INFO  com.example.service.PaymentService - Report generated: monthly_sales_2025-03.pdf
2025-03-04 03:36:09.000 [kafka-consumer-2] INFO  com.example.controller.PaymentController - Metrics published: CPU=60%, Memory=79%, Connections=10/10
2025-03-04 03:37:25.000 [scheduler-2] ERROR  com.example.job.SyncJob - Template rendering failed: email/order-confirmation.html
2025-03-04 03:37:32.000 [main] INFO  com.example.service.NotificationService - GET /api/users - 200 OK (4258ms)
2025-03-04 03:39:04.000 [http-nio-8080-exec-1] INFO  com.example.service.EmailService - POST /api/orders - 201 Created (509ms)
2025-03-04 03:39:42.000 [http-nio-8080-exec-5] WARN  com.example.job.CleanupJob - SSL certificate expires in 30 days
2025-03-04 03:40:59.000 [http-nio-8080-exec-1] INFO  com.example.repository.OrderRepository - Metrics published: CPU=64%, Memory=62%, Connections=1/10
2025-03-04 03:42:56.000 [scheduler-2] INFO  com.example.service.AuthService - POST /api/orders - 201 Created (7919ms)
2025-03-04 03:44:47.000 [http-nio-8080-exec-8] INFO  com.example.job.BackupJob - Database connection pool initialized (size: 10)
2025-03-04 03:45:04.000 [http-nio-8080-exec-3] INFO  com.example.job.CleanupJob - DELETE /api/sessions/92188 - 204 No Content
2025-03-04 03:46:02.000 [scheduler-2] ERROR  com.example.service.OrderService - Template rendering failed: email/order-confirmation.html
2025-03-04 03:47:46.000 [http-nio-8080-exec-6] INFO  com.example.controller.AdminController - PUT /api/users/profile - 200 OK (2496ms)
2025-03-04 03:49:07.000 [main] INFO  com.example.controller.HealthController - PUT /api/users/profile - 200 OK (7331ms)
2025-03-04 03:50:59.000 [scheduler-2] INFO  com.example.repository.UserRepository - Request processed: correlationId=93df5674-4670-473c-a6e7-8f7b02019d47
2025-03-04 03:51:31.000 [http-nio-8080-exec-7] INFO  com.example.job.CleanupJob - Message published to queue: order.created
2025-03-04 03:52:53.000 [kafka-consumer-1] INFO  com.example.job.MetricsJob - POST /api/orders - 201 Created (4879ms)
2025-03-04 03:53:32.000 [scheduler-1] INFO  com.example.config.SecurityConfig - Email sent to user_22067@example.com
2025-03-04 03:54:55.000 [async-pool-2] INFO  com.example.controller.HealthController - Metrics published: CPU=80%, Memory=35%, Connections=6/10
2025-03-04 03:55:06.000 [http-nio-8080-exec-9] INFO  com.example.controller.UserController - Message published to queue: order.created
2025-03-04 03:55:46.000 [async-pool-1] INFO  com.example.job.SyncJob - Database connection pool initialized (size: 10)
2025-03-04 03:56:58.000 [http-nio-8080-exec-1] INFO  com.example.service.OrderService - Kafka consumer joined group: order-processing
2025-03-04 03:57:40.000 [http-nio-8080-exec-2] ERROR  com.example.job.MetricsJob - ClassCastException: cannot cast String to Integer
java.lang.ClassCastException: class java.lang.String cannot be cast to class java.lang.Integer
	at com.example.service.ReportService.aggregateData(ReportService.java:123)
	at com.example.job.BackupJob.generateReport(BackupJob.java:67)
2025-03-04 03:58:52.000 [http-nio-8080-exec-9] INFO  com.example.config.DatabaseConfig - PUT /api/users/profile - 200 OK (4373ms)
2025-03-04 03:59:58.000 [http-nio-8080-exec-3] INFO  com.example.controller.UserController - Cleanup job started - removed 2358 expired sessions
2025-03-04 04:00:45.000 [async-pool-2] ERROR  com.example.controller.OrderController - Authentication failed for user: admin_35875
2025-03-04 04:02:17.000 [http-nio-8080-exec-7] INFO  com.example.config.SecurityConfig - Kafka consumer joined group: order-processing
2025-03-04 04:02:30.000 [main] INFO  com.example.service.NotificationService - POST /api/orders - 201 Created (1907ms)
2025-03-04 04:03:28.000 [http-nio-8080-exec-7] INFO  com.example.service.ReportService - GET /api/users - 200 OK (4699ms)
2025-03-04 04:04:20.000 [kafka-consumer-2] INFO  com.example.service.PaymentService - Cache refreshed successfully (1226 entries)
2025-03-04 04:05:19.000 [http-nio-8080-exec-3] INFO  com.example.repository.ProductRepository - GET /api/users - 200 OK (5173ms)
2025-03-04 04:06:48.000 [async-pool-2] INFO  com.example.service.PaymentService - Cleanup job started - removed 3067 expired sessions
2025-03-04 04:07:36.000 [scheduler-2] INFO  com.example.controller.UserController - PUT /api/users/profile - 200 OK (1513ms)
2025-03-04 04:07:52.000 [http-nio-8080-exec-3] INFO  com.example.job.CleanupJob - Message published to queue: order.created
2025-03-04 04:08:23.000 [http-nio-8080-exec-8] INFO  com.example.service.NotificationService - Metrics published: CPU=84%, Memory=84%, Connections=4/10
2025-03-04 04:08:37.000 [http-nio-8080-exec-6] INFO  com.example.service.NotificationService - Cleanup job started - removed 4904 expired sessions
2025-03-04 04:10:11.000 [http-nio-8080-exec-1] INFO  com.example.service.EmailService - DELETE /api/sessions/1727 - 204 No Content
2025-03-04 04:11:58.000 [async-pool-1] INFO  com.example.repository.OrderRepository - GET /api/users - 200 OK (7359ms)
2025-03-04 04:13:06.000 [scheduler-2] INFO  com.example.service.NotificationService - Cleanup job started - removed 1934 expired sessions
2025-03-04 04:14:29.000 [async-pool-2] INFO  com.example.service.DatabaseService - Request processed: correlationId=ea54dd56-dee5-47a0-a74b-b6bd7c5467b0
2025-03-04 04:15:23.000 [async-pool-1] INFO  com.example.job.SyncJob - User authenticated successfully: user_14999
2025-03-04 04:15:27.000 [async-pool-2] WARN  com.example.job.MetricsJob - Disk usage at 90% on /var/log
2025-03-04 04:17:25.000 [http-nio-8080-exec-5] INFO  com.example.config.SecurityConfig - Cleanup job started - removed 3391 expired sessions
2025-03-04 04:17:42.000 [http-nio-8080-exec-10] INFO  com.example.service.PaymentService - Configuration reloaded from application.properties
2025-03-04 04:17:51.000 [http-nio-8080-exec-2] WARN  com.example.repository.ProductRepository - SSL certificate expires in 30 days
2025-03-04 04:19:25.000 [http-nio-8080-exec-10] INFO  com.example.job.CleanupJob - Request processed: correlationId=62af6fb5-1e75-40b4-a338-5bda3e95d45d
2025-03-04 04:19:39.000 [http-nio-8080-exec-2] INFO  com.example.controller.OrderController - Report generated: monthly_sales_2025-03.pdf
2025-03-04 04:20:15.000 [http-nio-8080-exec-8] INFO  com.example.service.DatabaseService - GET /api/products - 200 OK (3100ms)
2025-03-04 04:21:20.000 [http-nio-8080-exec-6] INFO  com.example.service.InventoryService - Configuration reloaded from application.properties
2025-03-04 04:23:02.000 [scheduler-2] INFO  com.example.repository.OrderRepository - Kafka consumer joined group: order-processing
2025-03-04 04:24:54.000 [http-nio-8080-exec-4] INFO  com.example.service.CacheService - Metrics published: CPU=46%, Memory=42%, Connections=10/10
2025-03-04 04:24:56.000 [http-nio-8080-exec-8] WARN  com.example.service.ReportService - Slow query detected: SELECT * FROM orders WHERE status='pending' (4827ms)
2025-03-04 04:25:54.000 [http-nio-8080-exec-1] INFO  com.example.service.UserService - Scheduled job completed in 7879ms
2025-03-04 04:27:42.000 [scheduler-2] INFO  com.example.job.SyncJob - Message published to queue: order.created
2025-03-04 04:29:24.000 [main] INFO  com.example.service.EmailService - POST /api/orders - 201 Created (386ms)
2025-03-04 04:31:15.000 [http-nio-8080-exec-1] WARN  com.example.service.EmailService - Connection pool exhaustion approaching: 873/10 active
2025-03-04 04:31:51.000 [http-nio-8080-exec-3] INFO  com.example.config.DatabaseConfig - DELETE /api/sessions/98764 - 204 No Content
2025-03-04 04:31:55.000 [http-nio-8080-exec-10] INFO  com.example.service.AuthService - Configuration reloaded from application.properties
2025-03-04 04:33:13.000 [http-nio-8080-exec-4] INFO  com.example.service.InventoryService - Message published to queue: order.created
2025-03-04 04:35:10.000 [http-nio-8080-exec-6] INFO  com.example.service.CacheService - Request processed: correlationId=68ed72a8-6570-440b-b95d-b0ac0481da10
2025-03-04 04:36:18.000 [scheduler-1] INFO  com.example.repository.OrderRepository - Metrics published: CPU=28%, Memory=77%, Connections=3/10
2025-03-04 04:37:28.000 [http-nio-8080-exec-5] DEBUG  com.example.service.ReportService - Detailed trace for request 10793a7d-18a5-4837-aa7c-99e177291ac7
2025-03-04 04:39:18.000 [async-pool-2] INFO  com.example.service.CacheService - Kafka consumer joined group: order-processing
2025-03-04 04:40:16.000 [http-nio-8080-exec-1] INFO  com.example.job.MetricsJob - Kafka consumer joined group: order-processing
2025-03-04 04:41:36.000 [http-nio-8080-exec-3] INFO  com.example.repository.UserRepository - Metrics published: CPU=63%, Memory=36%, Connections=9/10
2025-03-04 04:43:01.000 [kafka-consumer-2] INFO  com.example.job.SyncJob - Metrics published: CPU=58%, Memory=32%, Connections=1/10
2025-03-04 04:44:34.000 [http-nio-8080-exec-4] WARN  com.example.controller.HealthController - JWT token expiring in less than 5 minutes for user_7953
2025-03-04 04:44:45.000 [http-nio-8080-exec-2] INFO  com.example.job.SyncJob - Kafka consumer joined group: order-processing
2025-03-04 04:45:38.000 [http-nio-8080-exec-4] INFO  com.example.service.PaymentService - Kafka consumer joined group: order-processing
2025-03-04 04:47:35.000 [http-nio-8080-exec-4] INFO  com.example.service.DatabaseService - Cache refreshed successfully (837 entries)
2025-03-04 04:49:12.000 [http-nio-8080-exec-8] INFO  com.example.job.CleanupJob - POST /api/orders - 201 Created (2922ms)
2025-03-04 04:50:22.000 [http-nio-8080-exec-7] ERROR  com.example.controller.HealthController - File upload failed: size exceeds maximum (50MB)
2025-03-04 04:52:04.000 [scheduler-2] INFO  com.example.repository.OrderRepository - Metrics published: CPU=94%, Memory=63%, Connections=2/10
2025-03-04 04:53:02.000 [async-pool-2] INFO  com.example.controller.HealthController - Request processed: correlationId=da980d7f-c10a-43c2-9d88-cb57ba2e73d7
2025-03-04 04:54:17.000 [http-nio-8080-exec-8] INFO  com.example.job.CleanupJob - Report generated: monthly_sales_2025-03.pdf
2025-03-04 04:55:11.000 [async-pool-1] INFO  com.example.job.SyncJob - Email sent to user_42222@example.com
2025-03-04 04:57:04.000 [async-pool-1] INFO  com.example.controller.UserController - Configuration reloaded from application.properties
2025-03-04 04:58:43.000 [http-nio-8080-exec-8] INFO  com.example.controller.AdminController - PUT /api/users/profile - 200 OK (3876ms)
2025-03-04 04:59:25.000 [kafka-consumer-1] INFO  com.example.service.ReportService - Cache refreshed successfully (4653 entries)
2025-03-04 04:59:46.000 [kafka-consumer-1] INFO  com.example.config.DatabaseConfig - DELETE /api/sessions/21957 - 204 No Content
2025-03-04 05:01:10.000 [http-nio-8080-exec-2] ERROR  com.example.service.AuthService - JsonParseException: Unexpected token at position 45
com.fasterxml.jackson.core.JsonParseException: Unexpected token at position 45
	at com.fasterxml.jackson.core.JsonParser._reportUnexpectedToken(JsonParser.java:234)
	at com.example.service.UserService.parseProfile(UserService.java:67)
	at com.example.controller.UserController.getProfile(UserController.java:89)
2025-03-04 05:01:45.000 [main] WARN  com.example.job.BackupJob - Connection pool exhaustion approaching: 4616/10 active
2025-03-04 05:02:54.000 [http-nio-8080-exec-3] INFO  com.example.controller.UserController - Kafka consumer joined group: order-processing
2025-03-04 05:04:39.000 [async-pool-1] INFO  com.example.service.AuthService - SSL certificate valid until 2026-12-31
2025-03-04 05:05:18.000 [http-nio-8080-exec-3] INFO  com.example.job.MetricsJob - SSL certificate valid until 2026-12-31
2025-03-04 05:05:44.000 [async-pool-1] INFO  com.example.job.SyncJob - Cache refreshed successfully (2971 entries)
2025-03-04 05:07:09.000 [http-nio-8080-exec-8] INFO  com.example.job.BackupJob - User authenticated successfully: user_2898
2025-03-04 05:09:00.000 [kafka-consumer-1] INFO  com.example.controller.AdminController - Report generated: monthly_sales_2025-03.pdf
2025-03-04 05:09:29.000 [scheduler-2] INFO  com.example.service.DatabaseService - PUT /api/users/profile - 200 OK (31ms)
2025-03-04 05:10:24.000 [http-nio-8080-exec-10] FATAL  com.example.controller.OrderController - Disk full - cannot write to /var/log
java.io.IOException: No space left on device
	at java.base/java.io.FileOutputStream.writeBytes(FileOutputStream.java:233)
	at ch.qos.logback.core.FileAppender.writeOut(FileAppender.java:156)
2025-03-04 05:11:07.000 [http-nio-8080-exec-3] INFO  com.example.service.NotificationService - POST /api/orders - 201 Created (6024ms)
2025-03-04 05:12:20.000 [http-nio-8080-exec-7] INFO  com.example.service.EmailService - Cache refreshed successfully (4459 entries)
2025-03-04 05:13:54.000 [http-nio-8080-exec-4] INFO  com.example.controller.PaymentController - Email sent to user_83494@example.com
2025-03-04 05:15:27.000 [http-nio-8080-exec-8] INFO  com.example.service.DatabaseService - Message published to queue: order.created
2025-03-04 05:15:49.000 [http-nio-8080-exec-6] ERROR  com.example.controller.AdminController - External API returned 500: https://api.partner.com/v2/sync
2025-03-04 05:17:12.000 [async-pool-2] INFO  com.example.job.BackupJob - Kafka consumer joined group: order-processing
2025-03-04 05:18:32.000 [http-nio-8080-exec-7] INFO  com.example.service.DatabaseService - GET /api/products - 200 OK (7651ms)
2025-03-04 05:19:33.000 [http-nio-8080-exec-9] INFO  com.example.repository.ProductRepository - Cache refreshed successfully (2759 entries)
2025-03-04 05:20:46.000 [async-pool-2] INFO  com.example.repository.UserRepository - Batch processing completed: 2368 records in 4825ms
2025-03-04 05:21:35.000 [async-pool-2] INFO  com.example.service.ReportService - Scheduled job completed in 1106ms
2025-03-04 05:22:32.000 [http-nio-8080-exec-10] INFO  com.example.controller.PaymentController - Email sent to user_89083@example.com
2025-03-04 05:22:51.000 [kafka-consumer-1] INFO  com.example.service.UserService - PUT /api/users/profile - 200 OK (7698ms)
2025-03-04 05:24:33.000 [async-pool-2] ERROR  com.example.job.CleanupJob - AccessDeniedException: User not authorized
org.springframework.security.access.AccessDeniedException: Access is denied
	at org.springframework.security.access.vote.AffirmativeBased.decide(AffirmativeBased.java:73)
	at com.example.controller.AdminController.deleteUser(AdminController.java:89)
	at org.springframework.web.servlet.FrameworkServlet.service(FrameworkServlet.java:897)
2025-03-04 05:24:34.000 [http-nio-8080-exec-6] INFO  com.example.service.AuthService - PUT /api/users/profile - 200 OK (5314ms)
2025-03-04 05:25:02.000 [http-nio-8080-exec-1] INFO  com.example.repository.OrderRepository - Report generated: monthly_sales_2025-03.pdf
2025-03-04 05:25:40.000 [http-nio-8080-exec-3] INFO  com.example.controller.UserController - Configuration reloaded from application.properties
2025-03-04 05:27:19.000 [scheduler-1] INFO  com.example.service.ReportService - GET /health - 200 OK (2ms)
2025-03-04 05:28:04.000 [http-nio-8080-exec-6] WARN  com.example.service.OrderService - JWT token expiring in less than 5 minutes for user_52187
2025-03-04 05:28:50.000 [http-nio-8080-exec-8] WARN  com.example.service.OrderService - SSL certificate expires in 30 days
2025-03-04 05:29:29.000 [http-nio-8080-exec-10] INFO  com.example.service.UserService - Database connection pool initialized (size: 10)
2025-03-04 05:30:52.000 [http-nio-8080-exec-6] INFO  com.example.service.AuthService - Cache refreshed successfully (837 entries)
2025-03-04 05:31:49.000 [scheduler-1] INFO  com.example.service.CacheService - Message published to queue: order.created
2025-03-04 05:32:10.000 [scheduler-1] INFO  com.example.config.DatabaseConfig - Scheduled job completed in 1659ms
2025-03-04 05:33:35.000 [async-pool-2] INFO  com.example.job.SyncJob - User authenticated successfully: user_80374
2025-03-04 05:35:16.000 [main] INFO  com.example.job.BackupJob - Request processed: correlationId=7768ef70-e832-4497-917d-1cf4d3b9b73d
2025-03-04 05:35:57.000 [main] INFO  com.example.service.InventoryService - GET /api/users - 200 OK (5948ms)
2025-03-04 05:36:32.000 [http-nio-8080-exec-4] INFO  com.example.service.InventoryService - Batch processing completed: 1968 records in 1013ms
2025-03-04 05:38:08.000 [async-pool-1] INFO  com.example.controller.AdminController - POST /api/orders - 201 Created (6981ms)
2025-03-04 05:39:55.000 [async-pool-2] INFO  com.example.service.DatabaseService - Batch processing completed: 4119 records in 4086ms
2025-03-04 05:40:22.000 [http-nio-8080-exec-5] INFO  com.example.service.EmailService - Configuration reloaded from application.properties
2025-03-04 05:40:23.000 [scheduler-1] INFO  com.example.service.ReportService - User authenticated successfully: user_56642
2025-03-04 05:40:25.000 [http-nio-8080-exec-10] INFO  com.example.job.CleanupJob - PUT /api/users/profile - 200 OK (4085ms)
2025-03-04 05:41:29.000 [async-pool-2] INFO  com.example.service.UserService - PUT /api/users/profile - 200 OK (3377ms)
2025-03-04 05:42:05.000 [scheduler-2] ERROR  com.example.controller.PaymentController - Message delivery failed: queue=order.notifications
2025-03-04 05:42:41.000 [async-pool-2] INFO  com.example.job.SyncJob - Configuration reloaded from application.properties
2025-03-04 05:43:45.000 [async-pool-1] ERROR  com.example.service.PaymentService - ClassCastException: cannot cast String to Integer
java.lang.ClassCastException: class java.lang.String cannot be cast to class java.lang.Integer
	at com.example.service.ReportService.aggregateData(ReportService.java:123)
	at com.example.job.BackupJob.generateReport(BackupJob.java:67)
2025-03-04 05:45:07.000 [scheduler-1] WARN  com.example.controller.OrderController - Request queue depth increasing: 4281 pending
2025-03-04 05:46:21.000 [http-nio-8080-exec-10] INFO  com.example.job.SyncJob - GET /health - 200 OK (2ms)
2025-03-04 05:47:21.000 [kafka-consumer-2] INFO  com.example.service.ReportService - SSL certificate valid until 2026-12-31
2025-03-04 05:47:54.000 [http-nio-8080-exec-7] INFO  com.example.service.EmailService - SSL certificate valid until 2026-12-31
2025-03-04 05:49:32.000 [kafka-consumer-2] INFO  com.example.controller.PaymentController - Request processed: correlationId=49d53539-e958-439c-b764-76b261ad7381
2025-03-04 05:51:12.000 [kafka-consumer-2] INFO  com.example.job.CleanupJob - Configuration reloaded from application.properties
2025-03-04 05:52:02.000 [scheduler-1] INFO  com.example.controller.PaymentController - SSL certificate valid until 2026-12-31
2025-03-04 05:52:04.000 [kafka-consumer-2] INFO  com.example.job.MetricsJob - GET /health - 200 OK (2ms)
2025-03-04 05:52:18.000 [main] INFO  com.example.service.UserService - Cleanup job started - removed 3524 expired sessions
2025-03-04 05:53:07.000 [http-nio-8080-exec-5] WARN  com.example.repository.UserRepository - Rate limit approaching for client IP 192.168.1.100 (4319/100 requests)
2025-03-04 05:53:23.000 [async-pool-2] INFO  com.example.job.CleanupJob - Report generated: monthly_sales_2025-03.pdf
2025-03-04 05:53:34.000 [http-nio-8080-exec-10] INFO  com.example.controller.AdminController - Database connection pool initialized (size: 10)
2025-03-04 05:55:05.000 [async-pool-2] INFO  com.example.controller.PaymentController - POST /api/orders - 201 Created (6394ms)
2025-03-04 05:55:31.000 [scheduler-2] ERROR  com.example.repository.OrderRepository - StackOverflowError in recursive call
java.lang.StackOverflowError
	at com.example.service.CacheService.resolve(CacheService.java:34)
	at com.example.service.CacheService.resolve(CacheService.java:36)
	at com.example.service.CacheService.resolve(CacheService.java:36)
	at com.example.service.CacheService.resolve(CacheService.java:36)
	... 1024 more
2025-03-04 05:55:40.000 [http-nio-8080-exec-10] INFO  com.example.config.DatabaseConfig - Batch processing completed: 1301 records in 5597ms
2025-03-04 05:56:15.000 [http-nio-8080-exec-4] WARN  com.example.service.PaymentService - SSL certificate expires in 30 days
2025-03-04 05:57:36.000 [scheduler-2] INFO  com.example.job.SyncJob - Email sent to user_64576@example.com
2025-03-04 05:59:16.000 [async-pool-1] INFO  com.example.repository.OrderRepository - Metrics published: CPU=59%, Memory=79%, Connections=2/10
2025-03-04 06:01:15.000 [http-nio-8080-exec-1] INFO  com.example.controller.PaymentController - Email sent to user_66049@example.com
2025-03-04 06:01:38.000 [async-pool-1] INFO  com.example.service.OrderService - Kafka consumer joined group: order-processing
2025-03-04 06:02:35.000 [http-nio-8080-exec-3] INFO  com.example.controller.OrderController - Report generated: monthly_sales_2025-03.pdf
2025-03-04 06:03:13.000 [scheduler-2] INFO  com.example.repository.UserRepository - Batch processing completed: 469 records in 3790ms
2025-03-04 06:04:56.000 [async-pool-2] INFO  com.example.config.DatabaseConfig - Kafka consumer joined group: order-processing
2025-03-04 06:06:14.000 [async-pool-2] INFO  com.example.service.DatabaseService - Batch processing completed: 3985 records in 6680ms
2025-03-04 06:07:35.000 [http-nio-8080-exec-7] ERROR  com.example.service.EmailService - NullPointerException: Cannot invoke method on null reference
java.lang.NullPointerException: Cannot invoke method on null reference
	at com.example.service.PaymentService.process(PaymentService.java:89)
	at com.example.controller.OrderController.checkout(OrderController.java:145)
	at java.base/jdk.internal.reflect.NativeMethodAccessorImpl.invoke(NativeMethodAccessorImpl.java:77)
	at org.springframework.web.servlet.FrameworkServlet.service(FrameworkServlet.java:897)
2025-03-04 06:08:59.000 [http-nio-8080-exec-3] INFO  com.example.service.CacheService - Email sent to user_97095@example.com
2025-03-04 06:09:32.000 [http-nio-8080-exec-3] INFO  com.example.job.SyncJob - GET /api/users - 200 OK (5838ms)
2025-03-04 06:10:38.000 [http-nio-8080-exec-4] WARN  com.example.service.InventoryService - Connection pool exhaustion approaching: 1933/10 active
2025-03-04 06:12:06.000 [scheduler-1] INFO  com.example.controller.PaymentController - Message published to queue: order.created
2025-03-04 06:14:06.000 [http-nio-8080-exec-8] INFO  com.example.service.UserService - GET /api/products - 200 OK (4314ms)
2025-03-04 06:15:27.000 [async-pool-1] INFO  com.example.controller.PaymentController - SSL certificate valid until 2026-12-31
2025-03-04 06:15:44.000 [http-nio-8080-exec-5] WARN  com.example.repository.OrderRepository - Low stock alert for product SKU-65731 (remaining: 2520)
2025-03-04 06:17:10.000 [http-nio-8080-exec-2] INFO  com.example.service.CacheService - SSL certificate valid until 2026-12-31
2025-03-04 06:18:00.000 [async-pool-2] ERROR  com.example.service.InventoryService - File upload failed: size exceeds maximum (50MB)
2025-03-04 06:19:30.000 [http-nio-8080-exec-1] INFO  com.example.service.OrderService - Scheduled job completed in 6941ms
2025-03-04 06:19:48.000 [kafka-consumer-2] ERROR  com.example.service.DatabaseService - NullPointerException: Cannot invoke method on null reference
java.lang.NullPointerException: Cannot invoke method on null reference
	at com.example.service.PaymentService.process(PaymentService.java:89)
	at com.example.controller.OrderController.checkout(OrderController.java:145)
	at java.base/jdk.internal.reflect.NativeMethodAccessorImpl.invoke(NativeMethodAccessorImpl.java:77)
	at org.springframework.web.servlet.FrameworkServlet.service(FrameworkServlet.java:897)
2025-03-04 06:21:38.000 [async-pool-1] INFO  com.example.controller.AdminController - Metrics published: CPU=78%, Memory=60%, Connections=7/10
2025-03-04 06:23:00.000 [kafka-consumer-2] INFO  com.example.controller.HealthController - Configuration reloaded from application.properties
2025-03-04 06:23:11.000 [http-nio-8080-exec-6] INFO  com.example.service.ReportService - DELETE /api/sessions/5962 - 204 No Content
2025-03-04 06:23:45.000 [http-nio-8080-exec-3] INFO  com.example.service.EmailService - DELETE /api/sessions/37652 - 204 No Content
2025-03-04 06:23:59.000 [http-nio-8080-exec-3] INFO  com.example.controller.AdminController - User authenticated successfully: user_80347
2025-03-04 06:25:02.000 [scheduler-1] INFO  com.example.controller.AdminController - Configuration reloaded from application.properties
2025-03-04 06:26:32.000 [http-nio-8080-exec-10] INFO  com.example.job.CleanupJob - Message published to queue: order.created
2025-03-04 06:28:03.000 [async-pool-1] WARN  com.example.controller.PaymentController - Request queue depth increasing: 1649 pending
2025-03-04 06:30:02.000 [async-pool-2] INFO  com.example.service.OrderService - Cleanup job started - removed 2901 expired sessions
2025-03-04 06:30:40.000 [http-nio-8080-exec-8] INFO  com.example.service.CacheService - GET /health - 200 OK (2ms)
2025-03-04 06:31:31.000 [http-nio-8080-exec-3] INFO  com.example.controller.AdminController - Email sent to user_87008@example.com
2025-03-04 06:33:15.000 [scheduler-2] INFO  com.example.service.AuthService - PUT /api/users/profile - 200 OK (4082ms)
2025-03-04 06:33:48.000 [scheduler-1] INFO  com.example.controller.PaymentController - Email sent to user_61841@example.com
2025-03-04 06:34:06.000 [http-nio-8080-exec-8] INFO  com.example.service.EmailService - Kafka consumer joined group: order-processing
2025-03-04 06:34:43.000 [scheduler-2] INFO  com.example.repository.ProductRepository - Request processed: correlationId=eca9136d-d940-4cde-9dae-b850c855a61c
2025-03-04 06:34:51.000 [http-nio-8080-exec-2] INFO  com.example.service.OrderService - Kafka consumer joined group: order-processing
2025-03-04 06:35:12.000 [kafka-consumer-2] INFO  com.example.config.SecurityConfig - Cache refreshed successfully (4760 entries)
2025-03-04 06:36:20.000 [http-nio-8080-exec-2] FATAL  com.example.service.NotificationService - Kafka broker unreachable - message processing halted
org.apache.kafka.common.errors.TimeoutException: Failed to update metadata after 60000 ms
	at org.apache.kafka.clients.producer.KafkaProducer.doSend(KafkaProducer.java:999)
	at com.example.service.OrderService.publishEvent(OrderService.java:178)
	Caused by: java.net.ConnectException: Connection refused
	at java.base/sun.nio.ch.SocketChannelImpl.connect(SocketChannelImpl.java:741)
2025-03-04 06:36:43.000 [http-nio-8080-exec-10] INFO  com.example.job.SyncJob - Batch processing completed: 920 records in 4490ms
2025-03-04 06:36:53.000 [kafka-consumer-2] WARN  com.example.service.NotificationService - Database connection pool usage high (77%)
2025-03-04 06:38:51.000 [kafka-consumer-2] DEBUG  com.example.service.CacheService - Detailed trace for request 51eecb90-0261-4d6d-af55-da61d3aefad0
2025-03-04 06:39:22.000 [http-nio-8080-exec-7] INFO  com.example.service.AuthService - Cache refreshed successfully (23 entries)
2025-03-04 06:40:10.000 [kafka-consumer-2] INFO  com.example.repository.UserRepository - Report generated: monthly_sales_2025-03.pdf
2025-03-04 06:41:35.000 [http-nio-8080-exec-4] INFO  com.example.config.SecurityConfig - Cleanup job started - removed 2362 expired sessions
2025-03-04 06:42:22.000 [async-pool-1] INFO  com.example.job.SyncJob - Cleanup job started - removed 4932 expired sessions
2025-03-04 06:42:31.000 [http-nio-8080-exec-7] INFO  com.example.controller.AdminController - Configuration reloaded from application.properties
2025-03-04 06:43:39.000 [http-nio-8080-exec-4] INFO  com.example.service.ReportService - Message published to queue: order.created
2025-03-04 06:44:21.000 [http-nio-8080-exec-1] INFO  com.example.repository.OrderRepository - Configuration reloaded from application.properties
2025-03-04 06:44:59.000 [http-nio-8080-exec-7] ERROR  com.example.service.PaymentService - SocketTimeoutException: Read timed out
java.net.SocketTimeoutException: Read timed out
	at java.base/sun.nio.ch.SocketChannelImpl.read(SocketChannelImpl.java:285)
	at com.example.service.EmailService.send(EmailService.java:56)
	at com.example.job.MetricsJob.reportMetrics(MetricsJob.java:45)
2025-03-04 06:46:32.000 [http-nio-8080-exec-2] ERROR  com.example.service.NotificationService - ClassCastException: cannot cast String to Integer
java.lang.ClassCastException: class java.lang.String cannot be cast to class java.lang.Integer
	at com.example.service.ReportService.aggregateData(ReportService.java:123)
	at com.example.job.BackupJob.generateReport(BackupJob.java:67)
2025-03-04 06:47:13.000 [http-nio-8080-exec-7] INFO  com.example.repository.UserRepository - Cache refreshed successfully (2505 entries)
2025-03-04 06:48:07.000 [kafka-consumer-2] INFO  com.example.service.AuthService - PUT /api/users/profile - 200 OK (6093ms)
2025-03-04 06:48:58.000 [async-pool-1] INFO  com.example.service.OrderService - Cache refreshed successfully (2215 entries)
2025-03-04 06:49:25.000 [kafka-consumer-2] INFO  com.example.repository.UserRepository - Cleanup job started - removed 2424 expired sessions
2025-03-04 06:50:22.000 [http-nio-8080-exec-6] INFO  com.example.service.UserService - Cache refreshed successfully (4404 entries)
2025-03-04 06:51:06.000 [scheduler-1] INFO  com.example.service.PaymentService - Cache refreshed successfully (2432 entries)
2025-03-04 06:52:13.000 [main] ERROR  com.example.config.SecurityConfig - WebSocket connection dropped: session_43777
2025-03-04 06:53:38.000 [http-nio-8080-exec-10] INFO  com.example.service.CacheService - User authenticated successfully: user_33479
2025-03-04 06:54:45.000 [http-nio-8080-exec-8] INFO  com.example.repository.UserRepository - Metrics published: CPU=46%, Memory=33%, Connections=6/10
2025-03-04 06:55:02.000 [kafka-consumer-2] INFO  com.example.job.SyncJob - Cleanup job started - removed 1718 expired sessions
2025-03-04 06:56:21.000 [http-nio-8080-exec-3] ERROR  com.example.controller.HealthController - IllegalStateException: Transaction already committed
java.lang.IllegalStateException: Transaction already committed
	at org.hibernate.internal.SessionImpl.checkTransactionStatus(SessionImpl.java:456)
	at com.example.service.OrderService.updateStatus(OrderService.java:112)
	at com.example.job.SyncJob.processOrders(SyncJob.java:34)
2025-03-04 06:57:29.000 [http-nio-8080-exec-7] ERROR  com.example.job.SyncJob - Connection timeout to database
java.sql.SQLTimeoutException: Connection timed out after 30000ms
	at com.example.service.DatabaseService.getConnection(DatabaseService.java:45)
	at com.example.repository.OrderRepository.findById(OrderRepository.java:23)
	at com.example.service.OrderService.getOrder(OrderService.java:67)
2025-03-04 06:58:48.000 [scheduler-2] INFO  com.example.service.DatabaseService - Request processed: correlationId=f028990a-cc42-4857-997c-3f273e5a9f2e
2025-03-04 07:00:09.000 [http-nio-8080-exec-2] INFO  com.example.service.UserService - Database connection pool initialized (size: 10)
2025-03-04 07:01:33.000 [scheduler-1] INFO  com.example.service.AuthService - Request processed: correlationId=b454e933-f5b6-4415-83f8-f850b97b8eca
2025-03-04 07:02:13.000 [http-nio-8080-exec-10] INFO  com.example.controller.AdminController - Email sent to user_64674@example.com
2025-03-04 07:02:28.000 [http-nio-8080-exec-4] INFO  com.example.service.OrderService - Cleanup job started - removed 2300 expired sessions
2025-03-04 07:04:11.000 [http-nio-8080-exec-4] INFO  com.example.controller.AdminController - GET /api/users - 200 OK (600ms)
2025-03-04 07:04:37.000 [kafka-consumer-2] INFO  com.example.controller.UserController - User authenticated successfully: user_13292
2025-03-04 07:05:51.000 [http-nio-8080-exec-1] INFO  com.example.controller.OrderController - POST /api/orders - 201 Created (1789ms)
