2025-03-03 00:01:45.000 [async-pool-2] INFO  com.example.controller.OrderController - Metrics published: CPU=70%, Memory=62%, Connections=9/10
2025-03-03 00:03:01.000 [http-nio-8080-exec-10] INFO  com.example.controller.AdminController - GET /health - 200 OK (2ms)
2025-03-03 00:03:33.000 [async-pool-1] INFO  com.example.controller.OrderController - Cache refreshed successfully (1396 entries)
2025-03-03 00:04:23.000 [http-nio-8080-exec-7] WARN  com.example.service.NotificationService - Payment gateway response slow (1563ms)
2025-03-03 00:04:48.000 [async-pool-1] INFO  com.example.controller.UserController - Kafka consumer joined group: order-processing
2025-03-03 00:05:53.000 [http-nio-8080-exec-5] INFO  com.example.controller.PaymentController - Report generated: monthly_sales_2025-03.pdf
2025-03-03 00:07:33.000 [http-nio-8080-exec-9] INFO  com.example.job.CleanupJob - SSL certificate valid until 2026-12-31
2025-03-03 00:08:24.000 [http-nio-8080-exec-1] INFO  com.example.controller.AdminController - Scheduled job completed in 5651ms
2025-03-03 00:09:08.000 [async-pool-1] INFO  com.example.controller.OrderController - Batch processing completed: 3343 records in 1875ms
2025-03-03 00:10:33.000 [async-pool-1] INFO  com.example.controller.PaymentController - Message published to queue: order.created
2025-03-03 00:12:01.000 [http-nio-8080-exec-4] INFO  com.example.controller.UserController - Configuration reloaded from application.properties
2025-03-03 00:12:13.000 [http-nio-8080-exec-5] INFO  com.example.controller.UserController - Configuration reloaded from application.properties
2025-03-03 00:13:07.000 [kafka-consumer-2] INFO  com.example.repository.UserRepository - Scheduled job completed in 1568ms
2025-03-03 00:15:05.000 [http-nio-8080-exec-7] INFO  com.example.controller.UserController - GET /health - 200 OK (2ms)
2025-03-03 00:15:46.000 [http-nio-8080-exec-5] INFO  com.example.config.DatabaseConfig - Database connection pool initialized (size: 10)
2025-03-03 00:17:02.000 [kafka-consumer-1] ERROR  com.example.service.AuthService - IllegalStateException: Transaction already committed
java.lang.IllegalStateException: Transaction already committed
	at org.hibernate.internal.SessionImpl.checkTransactionStatus(SessionImpl.java:456)
	at com.example.service.OrderService.updateStatus(OrderService.java:112)
	at com.example.job.SyncJob.processOrders(SyncJob.java:34)
2025-03-03 00:18:00.000 [http-nio-8080-exec-6] INFO  com.example.service.AuthService - Message published to queue: order.created
2025-03-03 00:19:51.000 [http-nio-8080-exec-8] INFO  com.example.service.DatabaseService - Cache refreshed successfully (4085 entries)
2025-03-03 00:21:07.000 [http-nio-8080-exec-9] INFO  com.example.service.InventoryService - Database connection pool initialized (size: 10)
2025-03-03 00:22:27.000 [http-nio-8080-exec-10] ERROR  com.example.config.SecurityConfig - Failed to process payment for order #8396
2025-03-03 00:23:26.000 [http-nio-8080-exec-10] WARN  com.example.repository.UserRepository - Request queue depth increasing: 1430 pending
2025-03-03 00:24:48.000 [http-nio-8080-exec-2] INFO  com.example.service.InventoryService - Metrics published: CPU=68%, Memory=69%, Connections=6/10
2025-03-03 00:24:53.000 [async-pool-1] INFO  com.example.config.DatabaseConfig - Batch processing completed: 2401 records in 4976ms
2025-03-03 00:25:35.000 [kafka-consumer-2] INFO  com.example.service.NotificationService - Report generated: monthly_sales_2025-03.pdf
2025-03-03 00:27:29.000 [main] INFO  com.example.service.InventoryService - Scheduled job completed in 1208ms
2025-03-03 00:27:39.000 [kafka-consumer-2] WARN  com.example.controller.PaymentController - Connection pool exhaustion approaching: 2146/10 active
2025-03-03 00:27:58.000 [http-nio-8080-exec-1] INFO  com.example.controller.AdminController - Configuration reloaded from application.properties
2025-03-03 00:28:49.000 [scheduler-2] INFO  com.example.job.SyncJob - Cleanup job started - removed 16 expired sessions
2025-03-03 00:30:43.000 [http-nio-8080-exec-2] ERROR  com.example.service.AuthService - ClassCastException: cannot cast String to Integer
java.lang.ClassCastException: class java.lang.String cannot be cast to class java.lang.Integer
	at com.example.service.ReportService.aggregateData(ReportService.java:123)
	at com.example.job.BackupJob.generateReport(BackupJob.java:67)
2025-03-03 00:30:45.000 [http-nio-8080-exec-5] INFO  com.example.controller.PaymentController - POST /api/orders - 201 Created (1725ms)
2025-03-03 00:31:29.000 [http-nio-8080-exec-8] INFO  com.example.controller.UserController - Configuration reloaded from application.properties
2025-03-03 00:32:43.000 [scheduler-1] INFO  com.example.job.BackupJob - DELETE /api/sessions/1761 - 204 No Content
2025-03-03 00:33:54.000 [http-nio-8080-exec-9] INFO  com.example.service.CacheService - GET /api/products - 200 OK (749ms)
2025-03-03 00:34:31.000 [kafka-consumer-2] INFO  com.example.service.ReportService - User authenticated successfully: user_82399
2025-03-03 00:35:40.000 [http-nio-8080-exec-8] INFO  com.example.job.BackupJob - User authenticated successfully: user_67372
2025-03-03 00:36:25.000 [http-nio-8080-exec-4] ERROR  com.example.controller.OrderController - Failed to process payment for order #96873
2025-03-03 00:38:21.000 [http-nio-8080-exec-9] INFO  com.example.config.DatabaseConfig - Report generated: monthly_sales_2025-03.pdf
2025-03-03 00:39:39.000 [http-nio-8080-exec-3] INFO  com.example.service.DatabaseService - Cache refreshed successfully (3336 entries)
2025-03-03 00:40:13.000 [kafka-consumer-2] INFO  com.example.config.SecurityConfig - SSL certificate valid until 2026-12-31
2025-03-03 00:41:00.000 [async-pool-2] ERROR  com.example.controller.PaymentController - NullPointerException: Cannot invoke method on null reference
java.lang.NullPointerException: Cannot invoke method on null reference
	at com.example.service.PaymentService.process(PaymentService.java:89)
	at com.example.controller.OrderController.checkout(OrderController.java:145)
	at java.base/jdk.internal.reflect.NativeMethodAccessorImpl.invoke(NativeMethodAccessorImpl.java:77)
	at org.springframework.web.servlet.FrameworkServlet.service(FrameworkServlet.java:897)
2025-03-03 00:42:23.000 [http-nio-8080-exec-5] ERROR  com.example.repository.OrderRepository - Authentication failed for user: admin_96465
2025-03-03 00:43:07.000 [scheduler-1] WARN  com.example.service.AuthService - Deprecated API endpoint called: /api/v1/users
2025-03-03 00:44:55.000 [http-nio-8080-exec-5] INFO  com.example.controller.PaymentController - GET /api/users - 200 OK (1969ms)
2025-03-03 00:46:52.000 [scheduler-1] WARN  com.example.controller.PaymentController - Slow query detected: SELECT * FROM orders WHERE status='pending' (1622ms)
2025-03-03 00:48:49.000 [scheduler-2] INFO  com.example.job.BackupJob - Cleanup job started - removed 2805 expired sessions
2025-03-03 00:49:01.000 [kafka-consumer-1] INFO  com.example.controller.PaymentController - Database connection pool initialized (size: 10)
2025-03-03 00:50:51.000 [async-pool-1] INFO  com.example.service.CacheService - Batch processing completed: 3771 records in 7549ms
2025-03-03 00:51:08.000 [http-nio-8080-exec-2] INFO  com.example.controller.UserController - Batch processing completed: 1381 records in 444ms
2025-03-03 00:51:22.000 [http-nio-8080-exec-3] INFO  com.example.service.NotificationService - GET /health - 200 OK (2ms)
2025-03-03 00:52:02.000 [main] INFO  com.example.controller.AdminController - Database connection pool initialized (size: 10)
2025-03-03 00:53:25.000 [http-nio-8080-exec-5] ERROR  com.example.config.SecurityConfig - File upload failed: size exceeds maximum (50MB)
2025-03-03 00:55:24.000 [scheduler-2] INFO  com.example.job.SyncJob - Cleanup job started - removed 4889 expired sessions
2025-03-03 00:56:15.000 [http-nio-8080-exec-6] INFO  com.example.service.EmailService - Configuration reloaded from application.properties
2025-03-03 00:58:09.000 [http-nio-8080-exec-3] INFO  com.example.job.BackupJob - Cache refreshed successfully (396 entries)
2025-03-03 00:59:12.000 [http-nio-8080-exec-1] INFO  com.example.job.MetricsJob - GET /api/products - 200 OK (6137ms)
2025-03-03 00:59:28.000 [http-nio-8080-exec-9] WARN  com.example.service.AuthService - Response time degradation detected on /api/orders (4455ms avg)
2025-03-03 01:00:58.000 [http-nio-8080-exec-8] INFO  com.example.controller.PaymentController - Email sent to user_13686@example.com
2025-03-03 01:01:21.000 [async-pool-2] INFO  com.example.job.SyncJob - Report generated: monthly_sales_2025-03.pdf
2025-03-03 01:02:48.000 [async-pool-1] WARN  com.example.service.CacheService - Response time degradation detected on /api/orders (7886ms avg)
2025-03-03 01:04:06.000 [scheduler-1] WARN  com.example.job.BackupJob - Deprecated API endpoint called: /api/v1/users
2025-03-03 01:06:06.000 [scheduler-1] INFO  com.example.controller.AdminController - DELETE /api/sessions/3372 - 204 No Content
2025-03-03 01:07:12.000 [http-nio-8080-exec-1] INFO  com.example.job.MetricsJob - Metrics published: CPU=93%, Memory=83%, Connections=4/10
2025-03-03 01:07:55.000 [http-nio-8080-exec-3] INFO  com.example.config.SecurityConfig - Batch processing completed: 2439 records in 6023ms
2025-03-03 01:08:54.000 [async-pool-1] INFO  com.example.controller.AdminController - DELETE /api/sessions/92376 - 204 No Content
2025-03-03 01:10:03.000 [http-nio-8080-exec-3] INFO  com.example.controller.PaymentController - Scheduled job completed in 998ms
2025-03-03 01:10:40.000 [kafka-consumer-1] ERROR  com.example.job.BackupJob - StackOverflowError in recursive call
java.lang.StackOverflowError
	at com.example.service.CacheService.resolve(CacheService.java:34)
	at com.example.service.CacheService.resolve(CacheService.java:36)
	at com.example.service.CacheService.resolve(CacheService.java:36)
	at com.example.service.CacheService.resolve(CacheService.java:36)
	... 1024 more
2025-03-03 01:11:57.000 [http-nio-8080-exec-1] INFO  com.example.service.DatabaseService - Configuration reloaded from application.properties
2025-03-03 01:12:42.000 [main] ERROR  com.example.service.InventoryService - Authentication failed for user: admin_65627
2025-03-03 01:13:16.000 [http-nio-8080-exec-2] INFO  com.example.service.PaymentService - Metrics published: CPU=16%, Memory=53%, Connections=4/10
2025-03-03 01:14:05.000 [http-nio-8080-exec-5] INFO  com.example.controller.HealthController - Database connection pool initialized (size: 10)
2025-03-03 01:14:32.000 [scheduler-1] INFO  com.example.controller.OrderController - Batch processing completed: 550 records in 4691ms
2025-03-03 01:16:31.000 [http-nio-8080-exec-10] INFO  com.example.config.DatabaseConfig - Database connection pool initialized (size: 10)
2025-03-03 01:18:10.000 [kafka-consumer-1] WARN  com.example.job.CleanupJob - JWT token expiring in less than 5 minutes for user_84172
2025-03-03 01:19:19.000 [http-nio-8080-exec-9] INFO  com.example.service.OrderService - Email sent to user_83771@example.com
2025-03-03 01:19:50.000 [async-pool-1] INFO  com.example.service.CacheService - Cleanup job started - removed 1455 expired sessions
2025-03-03 01:20:09.000 [scheduler-1] INFO  com.example.job.BackupJob - Kafka consumer joined group: order-processing
2025-03-03 01:22:03.000 [async-pool-2] INFO  com.example.service.OrderService - Email sent to user_33238@example.com
2025-03-03 01:23:21.000 [http-nio-8080-exec-5] WARN  com.example.job.CleanupJob - Request queue depth increasing: 2149 pending
2025-03-03 01:23:34.000 [async-pool-1] INFO  com.example.service.UserService - User authenticated successfully: user_38937
2025-03-03 01:24:56.000 [http-nio-8080-exec-7] INFO  com.example.service.CacheService - GET /api/users - 200 OK (6120ms)
2025-03-03 01:25:21.000 [http-nio-8080-exec-7] INFO  com.example.service.OrderService - Configuration reloaded from application.properties
2025-03-03 01:26:12.000 [http-nio-8080-exec-4] WARN  com.example.config.SecurityConfig - Rate limit approaching for client IP 192.168.1.119 (690/100 requests)
2025-03-03 01:26:40.000 [http-nio-8080-exec-8] INFO  com.example.repository.OrderRepository - Metrics published: CPU=13%, Memory=46%, Connections=9/10
2025-03-03 01:27:59.000 [main] INFO  com.example.service.NotificationService - Cache refreshed successfully (3144 entries)
2025-03-03 01:28:20.000 [async-pool-2] INFO  com.example.service.DatabaseService - Request processed: correlationId=75a44b65-18a0-4ea3-8ed2-0bb497331dbc
2025-03-03 01:29:43.000 [http-nio-8080-exec-9] INFO  com.example.repository.UserRepository - GET /api/users - 200 OK (4610ms)
2025-03-03 01:29:55.000 [http-nio-8080-exec-10] INFO  com.example.service.OrderService - Metrics published: CPU=90%, Memory=98%, Connections=1/10
2025-03-03 01:31:05.000 [async-pool-2] WARN  com.example.service.EmailService - Database connection pool usage high (89%)
2025-03-03 01:32:00.000 [http-nio-8080-exec-4] INFO  com.example.service.DatabaseService - Batch processing completed: 3783 records in 1902ms
2025-03-03 01:33:50.000 [http-nio-8080-exec-8] INFO  com.example.service.UserService - Database connection pool initialized (size: 10)
2025-03-03 01:35:05.000 [kafka-consumer-2] WARN  com.example.controller.HealthController - Memory usage above warning threshold: 62%
2025-03-03 01:36:36.000 [http-nio-8080-exec-4] INFO  com.example.job.BackupJob - GET /health - 200 OK (2ms)
2025-03-03 01:37:31.000 [http-nio-8080-exec-6] INFO  com.example.controller.AdminController - Request processed: correlationId=e32d9378-b83c-4519-9805-65cd0e8115df
2025-03-03 01:37:39.000 [http-nio-8080-exec-10] WARN  com.example.controller.UserController - Rate limit approaching for client IP 192.168.1.204 (1852/100 requests)
2025-03-03 01:38:00.000 [async-pool-1] INFO  com.example.controller.UserController - Configuration reloaded from application.properties
2025-03-03 01:38:03.000 [kafka-consumer-2] INFO  com.example.service.PaymentService - Cache refreshed successfully (4854 entries)
2025-03-03 01:38:04.000 [http-nio-8080-exec-2] INFO  com.example.repository.OrderRepository - Scheduled job completed in 1385ms
2025-03-03 01:38:17.000 [http-nio-8080-exec-6] INFO  com.example.controller.OrderController - POST /api/orders - 201 Created (155ms)
2025-03-03 01:40:02.000 [scheduler-1] INFO  com.example.service.ReportService - User authenticated successfully: user_12751
2025-03-03 01:40:21.000 [async-pool-1] INFO  com.example.repository.UserRepository - Scheduled job completed in 724ms
2025-03-03 01:42:02.000 [http-nio-8080-exec-7] WARN  com.example.job.CleanupJob - Memory usage above warning threshold: 79%
2025-03-03 01:42:14.000 [http-nio-8080-exec-2] INFO  com.example.controller.UserController - Cache refreshed successfully (4947 entries)
2025-03-03 01:43:22.000 [async-pool-2] INFO  com.example.controller.OrderController - PUT /api/users/profile - 200 OK (1612ms)
2025-03-03 01:44:38.000 [http-nio-8080-exec-4] INFO  com.example.service.CacheService - Configuration reloaded from application.properties
2025-03-03 01:44:40.000 [http-nio-8080-exec-4] INFO  com.example.controller.UserController - GET /health - 200 OK (2ms)
2025-03-03 01:45:48.000 [async-pool-2] INFO  com.example.service.InventoryService - Batch processing completed: 3344 records in 6500ms
2025-03-03 01:46:11.000 [http-nio-8080-exec-3] WARN  com.example.repository.UserRepository - Response time degradation detected on /api/orders (3023ms avg)
2025-03-03 01:48:07.000 [kafka-consumer-1] WARN  com.example.controller.OrderController - Connection pool exhaustion approaching: 1381/10 active
2025-03-03 01:49:52.000 [main] DEBUG  com.example.job.CleanupJob - Detailed trace for request cfe85aec-c4e8-41d7-8f4f-a1fb8c9fd0fe
2025-03-03 01:50:13.000 [http-nio-8080-exec-4] INFO  com.example.service.PaymentService - Report generated: monthly_sales_2025-03.pdf
2025-03-03 01:50:28.000 [http-nio-8080-exec-2] INFO  com.example.controller.HealthController - PUT /api/users/profile - 200 OK (4135ms)
2025-03-03 01:51:46.000 [http-nio-8080-exec-6] WARN  com.example.service.AuthService - Rate limit approaching for client IP 192.168.1.124 (1759/100 requests)
2025-03-03 01:52:00.000 [http-nio-8080-exec-9] INFO  com.example.service.NotificationService - Batch processing completed: 4520 records in 7849ms
2025-03-03 01:52:06.000 [http-nio-8080-exec-2] INFO  com.example.service.ReportService - Cache refreshed successfully (2882 entries)
2025-03-03 01:53:19.000 [async-pool-1] INFO  com.example.service.OrderService - Request processed: correlationId=b71c3564-2b14-4214-9d8e-9274fee68f80
2025-03-03 01:53:57.000 [async-pool-2] INFO  com.example.service.ReportService - Cache refreshed successfully (2397 entries)
2025-03-03 01:55:08.000 [kafka-consumer-1] ERROR  com.example.service.DatabaseService - File upload failed: size exceeds maximum (50MB)
2025-03-03 01:55:15.000 [async-pool-1] INFO  com.example.service.ReportService - GET /health - 200 OK (2ms)
2025-03-03 01:56:03.000 [http-nio-8080-exec-2] INFO  com.example.config.SecurityConfig - GET /health - 200 OK (2ms)
2025-03-03 01:56:41.000 [http-nio-8080-exec-8] WARN  com.example.job.CleanupJob - Circuit breaker half-open for payment-service
2025-03-03 01:57:34.000 [http-nio-8080-exec-4] INFO  com.example.controller.OrderController - SSL certificate valid until 2026-12-31
2025-03-03 01:58:26.000 [http-nio-8080-exec-3] WARN  com.example.controller.HealthController - Retry attempt 3/3 for external service call
2025-03-03 01:58:56.000 [http-nio-8080-exec-10] INFO  com.example.service.DatabaseService - POST /api/orders - 201 Created (3568ms)
2025-03-03 01:59:07.000 [async-pool-1] INFO  com.example.controller.OrderController - Report generated: monthly_sales_2025-03.pdf
2025-03-03 02:01:06.000 [http-nio-8080-exec-1] INFO  com.example.repository.ProductRepository - DELETE /api/sessions/49879 - 204 No Content
2025-03-03 02:01:23.000 [scheduler-1] INFO  com.example.job.BackupJob - PUT /api/users/profile - 200 OK (3090ms)
2025-03-03 02:03:23.000 [http-nio-8080-exec-1] INFO  com.example.controller.PaymentController - User authenticated successfully: user_2060
2025-03-03 02:04:39.000 [http-nio-8080-exec-7] INFO  com.example.repository.UserRepository - Cleanup job started - removed 2353 expired sessions
2025-03-03 02:05:34.000 [http-nio-8080-exec-5] DEBUG  com.example.job.BackupJob - Detailed trace for request 890d9eb8-5504-4d54-9b9a-5a0608fc4b2f
2025-03-03 02:05:49.000 [main] INFO  com.example.job.MetricsJob - GET /health - 200 OK (2ms)
2025-03-03 02:05:55.000 [http-nio-8080-exec-9] INFO  com.example.job.CleanupJob - Metrics published: CPU=59%, Memory=55%, Connections=1/10
2025-03-03 02:07:48.000 [http-nio-8080-exec-3] INFO  com.example.controller.HealthController - Message published to queue: order.created
2025-03-03 02:09:43.000 [http-nio-8080-exec-2] INFO  com.example.controller.HealthController - Database connection pool initialized (size: 10)
2025-03-03 02:10:09.000 [kafka-consumer-1] INFO  com.example.service.DatabaseService - Configuration reloaded from application.properties
2025-03-03 02:11:05.000 [kafka-consumer-1] INFO  com.example.service.InventoryService - Report generated: monthly_sales_2025-03.pdf
2025-03-03 02:12:37.000 [http-nio-8080-exec-8] INFO  com.example.service.NotificationService - Email sent to user_10165@example.com
2025-03-03 02:13:35.000 [http-nio-8080-exec-6] INFO  com.example.service.DatabaseService - Kafka consumer joined group: order-processing
2025-03-03 02:14:01.000 [http-nio-8080-exec-5] INFO  com.example.config.SecurityConfig - DELETE /api/sessions/9740 - 204 No Content
2025-03-03 02:14:44.000 [http-nio-8080-exec-4] INFO  com.example.controller.HealthController - PUT /api/users/profile - 200 OK (5578ms)
2025-03-03 02:15:41.000 [http-nio-8080-exec-10] INFO  com.example.controller.OrderController - POST /api/orders - 201 Created (4038ms)
2025-03-03 02:16:34.000 [http-nio-8080-exec-8] INFO  com.example.service.CacheService - Kafka consumer joined group: order-processing
2025-03-03 02:18:15.000 [kafka-consumer-2] INFO  com.example.repository.ProductRepository - Batch processing completed: 366 records in 3106ms
2025-03-03 02:18:51.000 [http-nio-8080-exec-4] INFO  com.example.controller.HealthController - Batch processing completed: 4746 records in 913ms
2025-03-03 02:20:33.000 [http-nio-8080-exec-7] INFO  com.example.job.SyncJob - Report generated: monthly_sales_2025-03.pdf
2025-03-03 02:21:02.000 [kafka-consumer-2] INFO  com.example.controller.PaymentController - Database connection pool initialized (size: 10)
2025-03-03 02:21:21.000 [http-nio-8080-exec-5] INFO  com.example.service.PaymentService - GET /api/users - 200 OK (6492ms)
2025-03-03 02:22:32.000 [kafka-consumer-2] INFO  com.example.repository.ProductRepository - Request processed: correlationId=e449441e-9ef7-468e-a2b2-9f5dab7c2d69
2025-03-03 02:23:25.000 [kafka-consumer-1] INFO  com.example.service.OrderService - Metrics published: CPU=26%, Memory=96%, Connections=5/10
2025-03-03 02:24:44.000 [async-pool-1] INFO  com.example.service.NotificationService - Database connection pool initialized (size: 10)
2025-03-03 02:24:47.000 [async-pool-1] INFO  com.example.controller.PaymentController - Scheduled job completed in 7310ms
2025-03-03 02:25:14.000 [http-nio-8080-exec-10] INFO  com.example.controller.PaymentController - GET /api/users - 200 OK (3797ms)
2025-03-03 02:26:24.000 [http-nio-8080-exec-8] INFO  com.example.controller.HealthController - Email sent to user_27114@example.com
2025-03-03 02:27:58.000 [scheduler-1] INFO  com.example.service.NotificationService - Configuration reloaded from application.properties
2025-03-03 02:29:57.000 [async-pool-1] INFO  com.example.config.SecurityConfig - Report generated: monthly_sales_2025-03.pdf
2025-03-03 02:30:20.000 [http-nio-8080-exec-9] INFO  com.example.config.DatabaseConfig - Cleanup job started - removed 3708 expired sessions
2025-03-03 02:31:30.000 [http-nio-8080-exec-8] WARN  com.example.service.PaymentService - Cache miss rate exceeding threshold (93%)
2025-03-03 02:32:35.000 [http-nio-8080-exec-4] INFO  com.example.repository.OrderRepository - Scheduled job completed in 140ms
2025-03-03 02:33:03.000 [http-nio-8080-exec-7] INFO  com.example.job.BackupJob - DELETE /api/sessions/93923 - 204 No Content
2025-03-03 02:33:31.000 [http-nio-8080-exec-6] INFO  com.example.controller.HealthController - Report generated: monthly_sales_2025-03.pdf
2025-03-03 02:34:49.000 [scheduler-1] INFO  com.example.job.CleanupJob - Message published to queue: order.created
2025-03-03 02:36:35.000 [http-nio-8080-exec-7] INFO  com.example.service.NotificationService - POST /api/orders - 201 Created (525ms)
2025-03-03 02:37:10.000 [scheduler-2] INFO  com.example.controller.UserController - Batch processing completed: 699 records in 4427ms
2025-03-03 02:37:59.000 [main] WARN  com.example.service.PaymentService - Retry attempt 2/3 for external service call
2025-03-03 02:38:03.000 [scheduler-2] INFO  com.example.controller.PaymentController - Configuration reloaded from application.properties
2025-03-03 02:39:58.000 [kafka-consumer-1] INFO  com.example.controller.OrderController - Email sent to user_96474@example.com
2025-03-03 02:41:07.000 [async-pool-2] WARN  com.example.job.CleanupJob - Disk usage at 46% on /var/log
2025-03-03 02:41:28.000 [http-nio-8080-exec-7] INFO  com.example.service.PaymentService - Cleanup job started - removed 2878 expired sessions
2025-03-03 02:42:43.000 [async-pool-2] INFO  com.example.controller.HealthController - Database connection pool initialized (size: 10)
2025-03-03 02:43:21.000 [http-nio-8080-exec-1] INFO  com.example.service.UserService - Message published to queue: order.created
2025-03-03 02:44:28.000 [http-nio-8080-exec-10] INFO  com.example.service.DatabaseService - POST /api/orders - 201 Created (2525ms)
2025-03-03 02:45:28.000 [main] INFO  com.example.job.SyncJob - PUT /api/users/profile - 200 OK (486ms)
2025-03-03 02:46:56.000 [http-nio-8080-exec-10] INFO  com.example.service.PaymentService - Database connection pool initialized (size: 10)
2025-03-03 02:47:59.000 [http-nio-8080-exec-5] INFO  com.example.service.UserService - Cache refreshed successfully (3568 entries)
2025-03-03 02:48:22.000 [main] INFO  com.example.controller.AdminController - Metrics published: CPU=49%, Memory=75%, Connections=6/10
2025-03-03 02:49:14.000 [kafka-consumer-2] ERROR  com.example.job.MetricsJob - Connection timeout to database
java.sql.SQLTimeoutException: Connection timed out after 30000ms
	at com.example.service.DatabaseService.getConnection(DatabaseService.java:45)
	at com.example.repository.OrderRepository.findById(OrderRepository.java:23)
	at com.example.service.OrderService.getOrder(OrderService.java:67)
2025-03-03 02:49:29.000 [http-nio-8080-exec-4] ERROR  com.example.service.OrderService - SocketTimeoutException: Read timed out
java.net.SocketTimeoutException: Read timed out
	at java.base/sun.nio.ch.SocketChannelImpl.read(SocketChannelImpl.java:285)
	at com.example.service.EmailService.send(EmailService.java:56)
	at com.example.job.MetricsJob.reportMetrics(MetricsJob.java:45)
2025-03-03 02:50:32.000 [async-pool-1] INFO  com.example.controller.UserController - User authenticated successfully: user_48249
2025-03-03 02:52:29.000 [http-nio-8080-exec-10] INFO  com.example.service.OrderService - GET /api/products - 200 OK (5824ms)
2025-03-03 02:54:22.000 [http-nio-8080-exec-9] INFO  com.example.controller.OrderController - GET /api/products - 200 OK (2364ms)
2025-03-03 02:54:55.000 [http-nio-8080-exec-1] INFO  com.example.service.DatabaseService - GET /api/users - 200 OK (4306ms)
2025-03-03 02:55:18.000 [scheduler-2] INFO  com.example.service.AuthService - Email sent to user_50599@example.com
2025-03-03 02:56:15.000 [async-pool-2] INFO  com.example.service.InventoryService - Metrics published: CPU=23%, Memory=75%, Connections=8/10
2025-03-03 02:56:55.000 [http-nio-8080-exec-1] WARN  com.example.controller.AdminController - JWT token expiring in less than 5 minutes for user_15764
2025-03-03 02:57:06.000 [async-pool-2] INFO  com.example.service.UserService - SSL certificate valid until 2026-12-31
2025-03-03 02:57:25.000 [http-nio-8080-exec-3] INFO  com.example.job.CleanupJob - Cache refreshed successfully (1616 entries)
2025-03-03 02:59:08.000 [main] INFO  com.example.repository.OrderRepository - GET /api/users - 200 OK (7972ms)
2025-03-03 03:00:04.000 [http-nio-8080-exec-8] INFO  com.example.service.NotificationService - SSL certificate valid until 2026-12-31
2025-03-03 03:02:00.000 [http-nio-8080-exec-8] INFO  com.example.controller.PaymentController - Cleanup job started - removed 944 expired sessions
2025-03-03 03:03:14.000 [http-nio-8080-exec-4] INFO  com.example.service.UserService - DELETE /api/sessions/15258 - 204 No Content
2025-03-03 03:05:04.000 [async-pool-1] INFO  com.example.service.NotificationService - Cleanup job started - removed 3032 expired sessions
2025-03-03 03:05:20.000 [kafka-consumer-1] INFO  com.example.job.CleanupJob - Email sent to user_39269@example.com
2025-03-03 03:05:52.000 [http-nio-8080-exec-2] INFO  com.example.service.DatabaseService - Database connection pool initialized (size: 10)
2025-03-03 03:06:06.000 [scheduler-1] INFO  com.example.service.PaymentService - User authenticated successfully: user_3850
2025-03-03 03:06:08.000 [http-nio-8080-exec-7] INFO  com.example.service.DatabaseService - Email sent to user_60090@example.com
2025-03-03 03:06:11.000 [http-nio-8080-exec-7] INFO  com.example.repository.OrderRepository - GET /api/users - 200 OK (6779ms)
2025-03-03 03:07:02.000 [kafka-consumer-1] ERROR  com.example.service.CacheService - StackOverflowError in recursive call
java.lang.StackOverflowError
	at com.example.service.CacheService.resolve(CacheService.java:34)
	at com.example.service.CacheService.resolve(CacheService.java:36)
	at com.example.service.CacheService.resolve(CacheService.java:36)
	at com.example.service.CacheService.resolve(CacheService.java:36)
	... 1024 more
2025-03-03 03:08:56.000 [main] INFO  com.example.controller.PaymentController - Message published to queue: order.created
2025-03-03 03:10:00.000 [http-nio-8080-exec-10] INFO  com.example.service.UserService - Kafka consumer joined group: order-processing
2025-03-03 03:10:44.000 [main] INFO  com.example.controller.PaymentController - Scheduled job completed in 6959ms
2025-03-03 03:12:17.000 [http-nio-8080-exec-2] INFO  com.example.service.PaymentService - User authenticated successfully: user_28877
2025-03-03 03:14:09.000 [http-nio-8080-exec-10] ERROR  com.example.config.SecurityConfig - Failed to process payment for order #67529
2025-03-03 03:14:21.000 [async-pool-2] INFO  com.example.config.DatabaseConfig - POST /api/orders - 201 Created (1416ms)
2025-03-03 03:15:19.000 [kafka-consumer-1] INFO  com.example.repository.UserRepository - Database connection pool initialized (size: 10)
2025-03-03 03:16:56.000 [http-nio-8080-exec-5] INFO  com.example.controller.HealthController - Batch processing completed: 790 records in 6955ms
2025-03-03 03:17:46.000 [kafka-consumer-1] INFO  com.example.service.InventoryService - PUT /api/users/profile - 200 OK (5912ms)
2025-03-03 03:19:31.000 [http-nio-8080-exec-2] INFO  com.example.job.SyncJob - Batch processing completed: 910 records in 1035ms
2025-03-03 03:21:04.000 [http-nio-8080-exec-3] INFO  com.example.job.SyncJob - Cleanup job started - removed 546 expired sessions
2025-03-03 03:22:24.000 [http-nio-8080-exec-10] INFO  com.example.config.SecurityConfig - Metrics published: CPU=77%, Memory=36%, Connections=5/10
2025-03-03 03:23:49.000 [http-nio-8080-exec-4] INFO  com.example.job.SyncJob - GET /api/products - 200 OK (6377ms)
2025-03-03 03:24:32.000 [scheduler-2] INFO  com.example.service.AuthService - Configuration reloaded from application.properties
2025-03-03 03:24:58.000 [http-nio-8080-exec-8] INFO  com.example.repository.OrderRepository - Cache refreshed successfully (4806 entries)
2025-03-03 03:26:15.000 [http-nio-8080-exec-9] INFO  com.example.service.InventoryService - SSL certificate valid until 2026-12-31
2025-03-03 03:26:47.000 [http-nio-8080-exec-2] ERROR  com.example.service.NotificationService - WebSocket connection dropped: session_76573
2025-03-03 03:27:08.000 [main] INFO  com.example.service.CacheService - SSL certificate valid until 2026-12-31
2025-03-03 03:29:04.000 [http-nio-8080-exec-10] INFO  com.example.controller.HealthController - Report generated: monthly_sales_2025-03.pdf
2025-03-03 03:30:16.000 [http-nio-8080-exec-8] INFO  com.example.repository.ProductRepository - DELETE /api/sessions/43599 - 204 No Content
2025-03-03 03:31:50.000 [scheduler-1] INFO  com.example.repository.UserRepository - Cleanup job started - removed 4275 expired sessions
2025-03-03 03:33:40.000 [kafka-consumer-1] ERROR  com.example.service.CacheService - File upload failed: size exceeds maximum (50MB)
2025-03-03 03:34:44.000 [async-pool-2] WARN  com.example.service.ReportService - Low stock alert for product SKU-45977 (remaining: 4943)
2025-03-03 03:35:17.000 [kafka-consumer-2] INFO  com.example.service.NotificationService - Batch processing completed: 3790 records in 6731ms
2025-03-03 03:37:06.000 [http-nio-8080-exec-3] INFO  com.example.job.MetricsJob - GET /health - 200 OK (2ms)
2025-03-03 03:37:34.000 [http-nio-8080-exec-5] WARN  com.example.job.BackupJob - Request queue depth increasing: 2041 pending
2025-03-03 03:38:27.000 [http-nio-8080-exec-6] WARN  com.example.service.ReportService - Request queue depth increasing: 3168 pending
2025-03-03 03:39:56.000 [http-nio-8080-exec-1] INFO  com.example.job.SyncJob - GET /health - 200 OK (2ms)
2025-03-03 03:41:21.000 [main] INFO  com.example.service.PaymentService - Cleanup job started - removed 11 expired sessions
2025-03-03 03:41:38.000 [http-nio-8080-exec-1] INFO  com.example.service.CacheService - Request processed: correlationId=b79a5511-4c62-4533-8393-62cd020ec98b
2025-03-03 03:43:16.000 [http-nio-8080-exec-1] INFO  com.example.job.BackupJob - PUT /api/users/profile - 200 OK (6490ms)
2025-03-03 03:44:38.000 [http-nio-8080-exec-10] INFO  com.example.job.BackupJob - GET /health - 200 OK (2ms)
2025-03-03 03:44:40.000 [http-nio-8080-exec-5] INFO  com.example.job.BackupJob - DELETE /api/sessions/15521 - 204 No Content
2025-03-03 03:45:26.000 [http-nio-8080-exec-7] INFO  com.example.repository.ProductRepository - PUT /api/users/profile - 200 OK (485ms)
2025-03-03 03:46:31.000 [main] INFO  com.example.job.MetricsJob - Scheduled job completed in 3892ms
2025-03-03 03:48:01.000 [async-pool-1] INFO  com.example.config.DatabaseConfig - PUT /api/users/profile - 200 OK (2221ms)
2025-03-03 03:49:58.000 [http-nio-8080-exec-1] INFO  com.example.repository.OrderRepository - Metrics published: CPU=63%, Memory=83%, Connections=4/10
2025-03-03 03:50:40.000 [kafka-consumer-2] WARN  com.example.repository.ProductRepository - Request queue depth increasing: 2062 pending
2025-03-03 03:52:29.000 [http-nio-8080-exec-8] INFO  com.example.repository.ProductRepository - Batch processing completed: 473 records in 5277ms
2025-03-03 03:52:43.000 [async-pool-1] INFO  com.example.job.MetricsJob - SSL certificate valid until 2026-12-31
2025-03-03 03:52:51.000 [http-nio-8080-exec-2] INFO  com.example.job.BackupJob - Database connection pool initialized (size: 10)
2025-03-03 03:54:10.000 [http-nio-8080-exec-10] INFO  com.example.controller.HealthController - Metrics published: CPU=26%, Memory=89%, Connections=8/10
2025-03-03 03:55:10.000 [main] INFO  com.example.service.InventoryService - Report generated: monthly_sales_2025-03.pdf
2025-03-03 03:55:33.000 [kafka-consumer-1] WARN  com.example.repository.UserRepository - Connection pool exhaustion approaching: 1358/10 active
2025-03-03 03:55:52.000 [http-nio-8080-exec-4] INFO  com.example.controller.OrderController - SSL certificate valid until 2026-12-31
2025-03-03 03:57:52.000 [http-nio-8080-exec-7] INFO  com.example.config.SecurityConfig - GET /api/products - 200 OK (4066ms)
2025-03-03 03:58:43.000 [async-pool-1] INFO  com.example.controller.HealthController - Request processed: correlationId=d9afc0d1-8f62-4013-be59-1b5e32c4e16e
2025-03-03 04:00:28.000 [http-nio-8080-exec-10] INFO  com.example.service.AuthService - Request processed: correlationId=8ffb30df-e90b-448d-8cd0-403d2bd94664
2025-03-03 04:01:56.000 [async-pool-2] INFO  com.example.controller.AdminController - GET /api/users - 200 OK (401ms)
2025-03-03 04:03:09.000 [http-nio-8080-exec-6] INFO  com.example.service.EmailService - Metrics published: CPU=52%, Memory=80%, Connections=2/10
2025-03-03 04:03:51.000 [main] INFO  com.example.job.CleanupJob - GET /api/users - 200 OK (2853ms)
2025-03-03 04:04:07.000 [http-nio-8080-exec-3] INFO  com.example.repository.ProductRepository - GET /api/users - 200 OK (258ms)
2025-03-03 04:04:56.000 [async-pool-1] INFO  com.example.service.ReportService - Database connection pool initialized (size: 10)
2025-03-03 04:06:52.000 [main] INFO  com.example.repository.ProductRepository - DELETE /api/sessions/92297 - 204 No Content
2025-03-03 04:07:30.000 [http-nio-8080-exec-3] INFO  com.example.service.InventoryService - Configuration reloaded from application.properties
2025-03-03 04:08:54.000 [http-nio-8080-exec-4] INFO  com.example.repository.UserRepository - Kafka consumer joined group: order-processing
2025-03-03 04:09:41.000 [http-nio-8080-exec-6] INFO  com.example.repository.UserRepository - GET /api/users - 200 OK (4944ms)
2025-03-03 04:10:30.000 [http-nio-8080-exec-5] ERROR  com.example.controller.PaymentController - StackOverflowError in recursive call
java.lang.StackOverflowError
	at com.example.service.CacheService.resolve(CacheService.java:34)
	at com.example.service.CacheService.resolve(CacheService.java:36)
	at com.example.service.CacheService.resolve(CacheService.java:36)
	at com.example.service.CacheService.resolve(CacheService.java:36)
	... 1024 more
2025-03-03 04:12:21.000 [scheduler-1] INFO  com.example.service.CacheService - Configuration reloaded from application.properties
2025-03-03 04:12:55.000 [async-pool-2] INFO  com.example.job.MetricsJob - Request processed: correlationId=7937af08-1133-4a02-a40c-fd5be4871976
2025-03-03 04:13:17.000 [http-nio-8080-exec-8] INFO  com.example.service.AuthService - Cleanup job started - removed 4074 expired sessions
2025-03-03 04:13:29.000 [main] WARN  com.example.service.PaymentService - Circuit breaker half-open for payment-service
2025-03-03 04:15:28.000 [http-nio-8080-exec-10] WARN  com.example.config.DatabaseConfig - Response time degradation detected on /api/orders (3875ms avg)
2025-03-03 04:15:34.000 [http-nio-8080-exec-3] INFO  com.example.controller.AdminController - GET /api/products - 200 OK (4014ms)
2025-03-03 04:16:33.000 [kafka-consumer-2] INFO  com.example.controller.AdminController - Batch processing completed: 2332 records in 6452ms
2025-03-03 04:17:14.000 [kafka-consumer-1] INFO  com.example.controller.OrderController - DELETE /api/sessions/68492 - 204 No Content
2025-03-03 04:18:03.000 [scheduler-1] INFO  com.example.controller.HealthController - POST /api/orders - 201 Created (6293ms)
2025-03-03 04:19:40.000 [async-pool-1] INFO  com.example.repository.OrderRepository - GET /api/products - 200 OK (1347ms)
2025-03-03 04:19:54.000 [http-nio-8080-exec-8] INFO  com.example.controller.UserController - Kafka consumer joined group: order-processing
2025-03-03 04:20:15.000 [kafka-consumer-1] INFO  com.example.job.CleanupJob - User authenticated successfully: user_26142
2025-03-03 04:20:45.000 [http-nio-8080-exec-9] ERROR  com.example.service.EmailService - NullPointerException: Cannot invoke method on null reference
java.lang.NullPointerException: Cannot invoke method on null reference
	at com.example.service.PaymentService.process(PaymentService.java:89)
	at com.example.controller.OrderController.checkout(OrderController.java:145)
	at java.base/jdk.internal.reflect.NativeMethodAccessorImpl.invoke(NativeMethodAccessorImpl.java:77)
	at org.springframework.web.servlet.FrameworkServlet.service(FrameworkServlet.java:897)
2025-03-03 04:20:48.000 [http-nio-8080-exec-2] INFO  com.example.job.MetricsJob - Scheduled job completed in 6506ms
2025-03-03 04:21:36.000 [http-nio-8080-exec-10] INFO  com.example.repository.ProductRepository - Metrics published: CPU=35%, Memory=78%, Connections=2/10
2025-03-03 04:23:20.000 [http-nio-8080-exec-3] WARN  com.example.job.BackupJob - Slow query detected: SELECT * FROM orders WHERE status='pending' (6612ms)
2025-03-03 04:24:35.000 [http-nio-8080-exec-3] INFO  com.example.service.AuthService - Configuration reloaded from application.properties
2025-03-03 04:25:52.000 [http-nio-8080-exec-1] WARN  com.example.config.DatabaseConfig - Rate limit approaching for client IP 192.168.1.53 (2105/100 requests)
2025-03-03 04:25:59.000 [kafka-consumer-2] ERROR  com.example.service.AuthService - Message delivery failed: queue=order.notifications
2025-03-03 04:26:16.000 [kafka-consumer-2] INFO  com.example.service.PaymentService - PUT /api/users/profile - 200 OK (2414ms)
2025-03-03 04:27:50.000 [http-nio-8080-exec-2] INFO  com.example.service.PaymentService - POST /api/orders - 201 Created (7474ms)
2025-03-03 04:29:23.000 [http-nio-8080-exec-9] INFO  com.example.service.EmailService - Cache refreshed successfully (1009 entries)
2025-03-03 04:29:50.000 [http-nio-8080-exec-2] INFO  com.example.repository.UserRepository - Report generated: monthly_sales_2025-03.pdf
2025-03-03 04:30:05.000 [scheduler-1] INFO  com.example.service.InventoryService - Message published to queue: order.created
2025-03-03 04:31:36.000 [http-nio-8080-exec-1] WARN  com.example.job.MetricsJob - SSL certificate expires in 30 days
2025-03-03 04:33:24.000 [http-nio-8080-exec-6] INFO  com.example.repository.OrderRepository - GET /api/users - 200 OK (1434ms)
2025-03-03 04:34:00.000 [kafka-consumer-1] WARN  com.example.job.SyncJob - Cache miss rate exceeding threshold (83%)
2025-03-03 04:34:44.000 [main] INFO  com.example.service.InventoryService - Report generated: monthly_sales_2025-03.pdf
2025-03-03 04:35:15.000 [main] INFO  com.example.controller.AdminController - Cleanup job started - removed 705 expired sessions
2025-03-03 04:35:20.000 [async-pool-2] INFO  com.example.controller.HealthController - GET /api/products - 200 OK (3832ms)
2025-03-03 04:36:25.000 [http-nio-8080-exec-3] INFO  com.example.job.MetricsJob - Message published to queue: order.created
2025-03-03 04:37:26.000 [http-nio-8080-exec-4] INFO  com.example.controller.OrderController - PUT /api/users/profile - 200 OK (3836ms)
2025-03-03 04:38:26.000 [main] INFO  com.example.service.OrderService - PUT /api/users/profile - 200 OK (7616ms)
2025-03-03 04:38:59.000 [main] ERROR  com.example.job.SyncJob - Connection timeout to database
java.sql.SQLTimeoutException: Connection timed out after 30000ms
	at com.example.service.DatabaseService.getConnection(DatabaseService.java:45)
	at com.example.repository.OrderRepository.findById(OrderRepository.java:23)
	at com.example.service.OrderService.getOrder(OrderService.java:67)
2025-03-03 04:39:15.000 [http-nio-8080-exec-2] INFO  com.example.service.OrderService - Scheduled job completed in 6158ms
2025-03-03 04:40:39.000 [kafka-consumer-2] INFO  com.example.controller.HealthController - Cleanup job started - removed 3456 expired sessions
2025-03-03 04:40:53.000 [http-nio-8080-exec-3] INFO  com.example.config.DatabaseConfig - SSL certificate valid until 2026-12-31
2025-03-03 04:40:54.000 [http-nio-8080-exec-5] INFO  com.example.controller.AdminController - Report generated: monthly_sales_2025-03.pdf
2025-03-03 04:41:01.000 [scheduler-2] INFO  com.example.service.ReportService - Database connection pool initialized (size: 10)
2025-03-03 04:42:00.000 [http-nio-8080-exec-10] INFO  com.example.repository.ProductRepository - Kafka consumer joined group: order-processing
2025-03-03 04:43:13.000 [http-nio-8080-exec-10] INFO  com.example.job.BackupJob - Request processed: correlationId=5bcec5d5-d083-4a60-9b90-1c763a421e34
2025-03-03 04:44:57.000 [http-nio-8080-exec-5] INFO  com.example.controller.AdminController - Metrics published: CPU=82%, Memory=69%, Connections=10/10
2025-03-03 04:46:06.000 [async-pool-2] ERROR  com.example.service.DatabaseService - Authentication failed for user: admin_27536
2025-03-03 04:46:17.000 [http-nio-8080-exec-8] INFO  com.example.job.MetricsJob - GET /api/products - 200 OK (5149ms)
2025-03-03 04:48:17.000 [http-nio-8080-exec-7] INFO  com.example.service.InventoryService - Email sent to user_31891@example.com
2025-03-03 04:49:53.000 [http-nio-8080-exec-6] INFO  com.example.service.NotificationService - Cache refreshed successfully (4390 entries)
2025-03-03 04:51:27.000 [scheduler-1] INFO  com.example.job.SyncJob - POST /api/orders - 201 Created (847ms)
2025-03-03 04:52:46.000 [http-nio-8080-exec-5] INFO  com.example.service.CacheService - GET /api/users - 200 OK (4301ms)
2025-03-03 04:54:41.000 [main] INFO  com.example.service.InventoryService - Kafka consumer joined group: order-processing
2025-03-03 04:56:02.000 [http-nio-8080-exec-7] WARN  com.example.service.AuthService - Low stock alert for product SKU-73597 (remaining: 4464)
2025-03-03 04:57:47.000 [main] INFO  com.example.repository.OrderRepository - PUT /api/users/profile - 200 OK (268ms)
2025-03-03 04:59:08.000 [kafka-consumer-1] INFO  com.example.job.SyncJob - Email sent to user_34119@example.com
2025-03-03 05:00:31.000 [scheduler-2] INFO  com.example.config.DatabaseConfig - Configuration reloaded from application.properties
2025-03-03 05:02:19.000 [scheduler-2] INFO  com.example.job.MetricsJob - POST /api/orders - 201 Created (6898ms)
2025-03-03 05:03:45.000 [http-nio-8080-exec-7] INFO  com.example.service.DatabaseService - PUT /api/users/profile - 200 OK (2061ms)
2025-03-03 05:05:28.000 [http-nio-8080-exec-9] INFO  com.example.repository.OrderRepository - SSL certificate valid until 2026-12-31
2025-03-03 05:05:29.000 [http-nio-8080-exec-5] INFO  com.example.controller.UserController - Email sent to user_20600@example.com
2025-03-03 05:06:13.000 [kafka-consumer-2] INFO  com.example.service.EmailService - GET /api/users - 200 OK (5047ms)
2025-03-03 05:07:41.000 [http-nio-8080-exec-2] WARN  com.example.config.SecurityConfig - Memory usage above warning threshold: 89%
2025-03-03 05:09:40.000 [async-pool-1] INFO  com.example.controller.UserController - Batch processing completed: 3805 records in 3242ms
2025-03-03 05:11:05.000 [http-nio-8080-exec-8] INFO  com.example.service.UserService - User authenticated successfully: user_84208
2025-03-03 05:12:10.000 [main] INFO  com.example.service.DatabaseService - DELETE /api/sessions/26433 - 204 No Content
2025-03-03 05:12:46.000 [kafka-consumer-1] INFO  com.example.controller.UserController - Report generated: monthly_sales_2025-03.pdf
2025-03-03 05:14:17.000 [http-nio-8080-exec-8] INFO  com.example.job.MetricsJob - PUT /api/users/profile - 200 OK (476ms)
2025-03-03 05:14:35.000 [http-nio-8080-exec-4] INFO  com.example.controller.AdminController - Cleanup job started - removed 164 expired sessions
2025-03-03 05:15:45.000 [http-nio-8080-exec-5] INFO  com.example.config.SecurityConfig - PUT /api/users/profile - 200 OK (5524ms)
2025-03-03 05:16:09.000 [http-nio-8080-exec-2] INFO  com.example.config.DatabaseConfig - DELETE /api/sessions/52558 - 204 No Content
2025-03-03 05:17:54.000 [http-nio-8080-exec-7] INFO  com.example.job.SyncJob - DELETE /api/sessions/15036 - 204 No Content
2025-03-03 05:18:09.000 [http-nio-8080-exec-1] INFO  com.example.controller.UserController - Request processed: correlationId=d3aa833e-1c5f-4d32-a451-ed28f210118d
2025-03-03 05:18:18.000 [main] INFO  com.example.repository.UserRepository - SSL certificate valid until 2026-12-31
2025-03-03 05:19:01.000 [kafka-consumer-2] INFO  com.example.service.DatabaseService - POST /api/orders - 201 Created (5333ms)
2025-03-03 05:19:35.000 [scheduler-2] WARN  com.example.service.UserService - Database connection pool usage high (81%)
2025-03-03 05:19:41.000 [scheduler-1] INFO  com.example.job.MetricsJob - SSL certificate valid until 2026-12-31
2025-03-03 05:21:31.000 [http-nio-8080-exec-8] INFO  com.example.service.AuthService - Scheduled job completed in 2747ms
2025-03-03 05:23:26.000 [http-nio-8080-exec-3] INFO  com.example.service.ReportService - Cleanup job started - removed 976 expired sessions
2025-03-03 05:25:22.000 [http-nio-8080-exec-5] INFO  com.example.job.CleanupJob - User authenticated successfully: user_16228
2025-03-03 05:26:38.000 [http-nio-8080-exec-8] INFO  com.example.repository.OrderRepository - Message published to queue: order.created
2025-03-03 05:26:53.000 [scheduler-2] INFO  com.example.service.OrderService - PUT /api/users/profile - 200 OK (319ms)
2025-03-03 05:27:32.000 [kafka-consumer-1] INFO  com.example.service.DatabaseService - GET /api/users - 200 OK (5600ms)
2025-03-03 05:27:51.000 [http-nio-8080-exec-2] INFO  com.example.service.PaymentService - SSL certificate valid until 2026-12-31
2025-03-03 05:28:43.000 [http-nio-8080-exec-8] INFO  com.example.service.OrderService - DELETE /api/sessions/76574 - 204 No Content
2025-03-03 05:30:29.000 [async-pool-1] WARN  com.example.config.DatabaseConfig - Connection pool exhaustion approaching: 4978/10 active
2025-03-03 05:31:17.000 [scheduler-1] INFO  com.example.service.DatabaseService - Metrics published: CPU=25%, Memory=65%, Connections=8/10
2025-03-03 05:31:59.000 [async-pool-1] INFO  com.example.repository.UserRepository - Email sent to user_5357@example.com
2025-03-03 05:33:15.000 [kafka-consumer-1] WARN  com.example.repository.OrderRepository - Slow query detected: SELECT * FROM orders WHERE status='pending' (4737ms)
2025-03-03 05:35:14.000 [http-nio-8080-exec-3] INFO  com.example.repository.UserRepository - Kafka consumer joined group: order-processing
2025-03-03 05:37:11.000 [async-pool-2] INFO  com.example.repository.UserRepository - SSL certificate valid until 2026-12-31
2025-03-03 05:37:29.000 [scheduler-1] INFO  com.example.service.AuthService - Scheduled job completed in 5050ms
2025-03-03 05:37:51.000 [scheduler-2] INFO  com.example.service.EmailService - Email sent to user_41641@example.com
2025-03-03 05:38:25.000 [http-nio-8080-exec-4] INFO  com.example.controller.UserController - Metrics published: CPU=53%, Memory=63%, Connections=6/10
2025-03-03 05:40:03.000 [http-nio-8080-exec-9] INFO  com.example.service.AuthService - SSL certificate valid until 2026-12-31
2025-03-03 05:40:30.000 [http-nio-8080-exec-3] INFO  com.example.controller.AdminController - Cache refreshed successfully (334 entries)
2025-03-03 05:41:34.000 [kafka-consumer-2] INFO  com.example.job.MetricsJob - POST /api/orders - 201 Created (1554ms)
2025-03-03 05:42:33.000 [http-nio-8080-exec-6] INFO  com.example.job.CleanupJob - Cache refreshed successfully (4185 entries)
2025-03-03 05:44:03.000 [async-pool-2] INFO  com.example.service.NotificationService - Message published to queue: order.created
2025-03-03 05:45:13.000 [kafka-consumer-2] WARN  com.example.controller.PaymentController - Circuit breaker half-open for payment-service
2025-03-03 05:46:28.000 [http-nio-8080-exec-8] WARN  com.example.job.BackupJob - Slow query detected: SELECT * FROM orders WHERE status='pending' (2426ms)
2025-03-03 05:47:42.000 [kafka-consumer-2] ERROR  com.example.controller.HealthController - AccessDeniedException: User not authorized
org.springframework.security.access.AccessDeniedException: Access is denied
	at org.springframework.security.access.vote.AffirmativeBased.decide(AffirmativeBased.java:73)
	at com.example.controller.AdminController.deleteUser(AdminController.java:89)
	at org.springframework.web.servlet.FrameworkServlet.service(FrameworkServlet.java:897)
2025-03-03 05:48:41.000 [scheduler-1] WARN  com.example.service.EmailService - Connection pool exhaustion approaching: 3384/10 active
2025-03-03 05:48:50.000 [http-nio-8080-exec-10] INFO  com.example.job.MetricsJob - Message published to queue: order.created
2025-03-03 05:49:53.000 [async-pool-1] INFO  com.example.controller.OrderController - GET /api/products - 200 OK (1912ms)
2025-03-03 05:51:20.000 [http-nio-8080-exec-1] INFO  com.example.service.InventoryService - Message published to queue: order.created
2025-03-03 05:52:26.000 [http-nio-8080-exec-5] WARN  com.example.service.NotificationService - Low stock alert for product SKU-8004 (remaining: 3151)
2025-03-03 05:54:24.000 [kafka-consumer-1] INFO  com.example.repository.OrderRepository - Scheduled job completed in 327ms
2025-03-03 05:56:19.000 [http-nio-8080-exec-9] INFO  com.example.job.BackupJob - Scheduled job completed in 1105ms
2025-03-03 05:56:56.000 [kafka-consumer-1] WARN  com.example.service.NotificationService - Cache miss rate exceeding threshold (66%)
2025-03-03 05:56:59.000 [async-pool-2] INFO  com.example.service.UserService - SSL certificate valid until 2026-12-31
2025-03-03 05:57:15.000 [http-nio-8080-exec-10] INFO  com.example.config.DatabaseConfig - Cleanup job started - removed 4550 expired sessions
2025-03-03 05:59:15.000 [async-pool-1] INFO  com.example.controller.HealthController - User authenticated successfully: user_1148
2025-03-03 05:59:31.000 [scheduler-1] WARN  com.example.service.UserService - Payment gateway response slow (3053ms)
2025-03-03 06:01:25.000 [http-nio-8080-exec-4] WARN  com.example.config.SecurityConfig - Connection pool exhaustion approaching: 4238/10 active
2025-03-03 06:01:54.000 [http-nio-8080-exec-5] WARN  com.example.config.DatabaseConfig - JWT token expiring in less than 5 minutes for user_8353
2025-03-03 06:03:10.000 [async-pool-1] INFO  com.example.job.BackupJob - GET /api/products - 200 OK (5705ms)
2025-03-03 06:04:40.000 [http-nio-8080-exec-3] INFO  com.example.controller.UserController - Database connection pool initialized (size: 10)
2025-03-03 06:06:10.000 [kafka-consumer-1] INFO  com.example.job.MetricsJob - Email sent to user_86188@example.com
2025-03-03 06:06:14.000 [http-nio-8080-exec-9] INFO  com.example.controller.HealthController - Database connection pool initialized (size: 10)
2025-03-03 06:06:18.000 [kafka-consumer-2] WARN  com.example.job.BackupJob - Retry attempt 2/3 for external service call
2025-03-03 06:07:03.000 [kafka-consumer-1] INFO  com.example.job.SyncJob - Configuration reloaded from application.properties
2025-03-03 06:07:58.000 [http-nio-8080-exec-9] INFO  com.example.job.MetricsJob - GET /api/products - 200 OK (7227ms)
2025-03-03 06:09:18.000 [async-pool-1] WARN  com.example.service.OrderService - JWT token expiring in less than 5 minutes for user_72061
2025-03-03 06:10:58.000 [http-nio-8080-exec-4] INFO  com.example.controller.OrderController - User authenticated successfully: user_36744
2025-03-03 06:11:42.000 [http-nio-8080-exec-7] INFO  com.example.controller.AdminController - GET /health - 200 OK (2ms)
2025-03-03 06:13:07.000 [http-nio-8080-exec-7] ERROR  com.example.config.SecurityConfig - AccessDeniedException: User not authorized
org.springframework.security.access.AccessDeniedException: Access is denied
	at org.springframework.security.access.vote.AffirmativeBased.decide(AffirmativeBased.java:73)
	at com.example.controller.AdminController.deleteUser(AdminController.java:89)
	at org.springframework.web.servlet.FrameworkServlet.service(FrameworkServlet.java:897)
2025-03-03 06:13:09.000 [kafka-consumer-1] WARN  com.example.service.InventoryService - Low stock alert for product SKU-13349 (remaining: 3233)
2025-03-03 06:13:26.000 [http-nio-8080-exec-2] INFO  com.example.service.EmailService - User authenticated successfully: user_20495
2025-03-03 06:15:01.000 [main] INFO  com.example.config.DatabaseConfig - Configuration reloaded from application.properties
2025-03-03 06:15:33.000 [http-nio-8080-exec-8] INFO  com.example.controller.AdminController - Request processed: correlationId=7ef20318-8c41-46b1-ab6e-5a584d401aef
2025-03-03 06:16:56.000 [http-nio-8080-exec-3] INFO  com.example.service.OrderService - Metrics published: CPU=14%, Memory=53%, Connections=1/10
2025-03-03 06:18:07.000 [http-nio-8080-exec-1] INFO  com.example.service.UserService - PUT /api/users/profile - 200 OK (3191ms)
2025-03-03 06:19:15.000 [http-nio-8080-exec-5] INFO  com.example.controller.PaymentController - Configuration reloaded from application.properties
2025-03-03 06:20:55.000 [http-nio-8080-exec-1] INFO  com.example.job.CleanupJob - GET /api/products - 200 OK (4229ms)
2025-03-03 06:20:58.000 [main] WARN  com.example.controller.AdminController - Deprecated API endpoint called: /api/v1/users
2025-03-03 06:22:40.000 [http-nio-8080-exec-6] INFO  com.example.repository.OrderRepository - Metrics published: CPU=93%, Memory=75%, Connections=3/10
2025-03-03 06:24:40.000 [kafka-consumer-1] INFO  com.example.controller.HealthController - POST /api/orders - 201 Created (1214ms)
2025-03-03 06:26:07.000 [http-nio-8080-exec-4] INFO  com.example.controller.HealthController - POST /api/orders - 201 Created (2215ms)
2025-03-03 06:26:20.000 [http-nio-8080-exec-8] INFO  com.example.service.PaymentService - POST /api/orders - 201 Created (1308ms)
2025-03-03 06:26:29.000 [http-nio-8080-exec-7] INFO  com.example.service.CacheService - Scheduled job completed in 6557ms
2025-03-03 06:28:05.000 [kafka-consumer-2] INFO  com.example.job.MetricsJob - Database connection pool initialized (size: 10)
2025-03-03 06:28:57.000 [http-nio-8080-exec-4] INFO  com.example.job.SyncJob - GET /health - 200 OK (2ms)
2025-03-03 06:29:56.000 [http-nio-8080-exec-5] INFO  com.example.job.CleanupJob - Cache refreshed successfully (241 entries)
2025-03-03 06:30:15.000 [main] INFO  com.example.job.BackupJob - SSL certificate valid until 2026-12-31
2025-03-03 06:31:11.000 [http-nio-8080-exec-2] INFO  com.example.config.SecurityConfig - Batch processing completed: 3688 records in 1404ms
2025-03-03 06:31:18.000 [kafka-consumer-2] INFO  com.example.job.BackupJob - Kafka consumer joined group: order-processing
2025-03-03 06:33:06.000 [http-nio-8080-exec-8] WARN  com.example.service.OrderService - Rate limit approaching for client IP 192.168.1.65 (3783/100 requests)
2025-03-03 06:34:43.000 [kafka-consumer-1] INFO  com.example.repository.OrderRepository - Metrics published: CPU=71%, Memory=63%, Connections=6/10
2025-03-03 06:36:05.000 [kafka-consumer-1] INFO  com.example.service.EmailService - Database connection pool initialized (size: 10)
2025-03-03 06:37:14.000 [http-nio-8080-exec-1] INFO  com.example.repository.OrderRepository - DELETE /api/sessions/69286 - 204 No Content
2025-03-03 06:38:15.000 [main] INFO  com.example.service.EmailService - Cache refreshed successfully (410 entries)
2025-03-03 06:39:53.000 [http-nio-8080-exec-2] INFO  com.example.repository.UserRepository - POST /api/orders - 201 Created (4148ms)
2025-03-03 06:40:16.000 [http-nio-8080-exec-6] INFO  com.example.service.NotificationService - SSL certificate valid until 2026-12-31
2025-03-03 06:40:17.000 [http-nio-8080-exec-6] INFO  com.example.service.PaymentService - Kafka consumer joined group: order-processing
2025-03-03 06:41:13.000 [kafka-consumer-1] INFO  com.example.service.AuthService - Metrics published: CPU=52%, Memory=33%, Connections=5/10
2025-03-03 06:41:28.000 [scheduler-2] INFO  com.example.job.SyncJob - POST /api/orders - 201 Created (7172ms)
2025-03-03 06:41:41.000 [http-nio-8080-exec-8] INFO  com.example.service.ReportService - GET /api/users - 200 OK (4612ms)
2025-03-03 06:41:43.000 [http-nio-8080-exec-6] INFO  com.example.job.BackupJob - Report generated: monthly_sales_2025-03.pdf
2025-03-03 06:42:04.000 [async-pool-1] INFO  com.example.service.PaymentService - Cleanup job started - removed 2945 expired sessions
2025-03-03 06:42:15.000 [http-nio-8080-exec-1] INFO  com.example.service.AuthService - Scheduled job completed in 7841ms
2025-03-03 06:43:35.000 [kafka-consumer-2] WARN  com.example.repository.UserRepository - Request queue depth increasing: 4845 pending
2025-03-03 06:45:15.000 [http-nio-8080-exec-1] INFO  com.example.service.CacheService - Request processed: correlationId=63ab36e1-c2c5-45c8-85ad-6124c82e8d6d
2025-03-03 06:46:50.000 [scheduler-2] INFO  com.example.controller.OrderController - Cache refreshed successfully (4720 entries)
2025-03-03 06:47:16.000 [http-nio-8080-exec-1] INFO  com.example.job.MetricsJob - POST /api/orders - 201 Created (5029ms)
2025-03-03 06:49:01.000 [http-nio-8080-exec-4] INFO  com.example.controller.HealthController - SSL certificate valid until 2026-12-31
2025-03-03 06:50:24.000 [kafka-consumer-2] INFO  com.example.job.MetricsJob - Cleanup job started - removed 1600 expired sessions
2025-03-03 06:52:05.000 [kafka-consumer-2] INFO  com.example.controller.OrderController - Report generated: monthly_sales_2025-03.pdf
2025-03-03 06:53:35.000 [http-nio-8080-exec-8] INFO  com.example.service.DatabaseService - Configuration reloaded from application.properties
2025-03-03 06:55:17.000 [async-pool-2] INFO  com.example.service.DatabaseService - POST /api/orders - 201 Created (905ms)
2025-03-03 06:55:18.000 [http-nio-8080-exec-1] INFO  com.example.service.CacheService - Cleanup job started - removed 873 expired sessions
2025-03-03 06:57:09.000 [http-nio-8080-exec-9] INFO  com.example.job.BackupJob - GET /api/users - 200 OK (1065ms)
2025-03-03 06:59:02.000 [scheduler-1] INFO  com.example.controller.HealthController - DELETE /api/sessions/20640 - 204 No Content
2025-03-03 06:59:12.000 [kafka-consumer-1] INFO  com.example.config.DatabaseConfig - Cache refreshed successfully (3582 entries)
2025-03-03 07:00:31.000 [http-nio-8080-exec-4] INFO  com.example.service.NotificationService - PUT /api/users/profile - 200 OK (5281ms)
2025-03-03 07:01:33.000 [http-nio-8080-exec-4] DEBUG  com.example.service.AuthService - Detailed trace for request 36df1542-13fa-47bc-abbc-69b3dffa87b7
2025-03-03 07:03:02.000 [http-nio-8080-exec-9] INFO  com.example.job.SyncJob - Message published to queue: order.created
2025-03-03 07:03:58.000 [http-nio-8080-exec-7] INFO  com.example.service.ReportService - GET /health - 200 OK (2ms)
2025-03-03 07:05:50.000 [http-nio-8080-exec-7] ERROR  com.example.service.NotificationService - ClassCastException: cannot cast String to Integer
java.lang.ClassCastException: class java.lang.String cannot be cast to class java.lang.Integer
	at com.example.service.ReportService.aggregateData(ReportService.java:123)
	at com.example.job.BackupJob.generateReport(BackupJob.java:67)
2025-03-03 07:06:01.000 [http-nio-8080-exec-3] INFO  com.example.job.MetricsJob - GET /api/users - 200 OK (780ms)
2025-03-03 07:07:51.000 [http-nio-8080-exec-8] INFO  com.example.service.CacheService - Configuration reloaded from application.properties
2025-03-03 07:08:25.000 [main] INFO  com.example.service.OrderService - Database connection pool initialized (size: 10)
2025-03-03 07:08:34.000 [http-nio-8080-exec-3] INFO  com.example.service.EmailService - SSL certificate valid until 2026-12-31
2025-03-03 07:10:19.000 [http-nio-8080-exec-7] INFO  com.example.repository.OrderRepository - Scheduled job completed in 7384ms
2025-03-03 07:10:27.000 [scheduler-1] INFO  com.example.controller.AdminController - Batch processing completed: 1388 records in 447ms
2025-03-03 07:12:24.000 [scheduler-2] INFO  com.example.job.MetricsJob - Kafka consumer joined group: order-processing
2025-03-03 07:13:51.000 [http-nio-8080-exec-7] INFO  com.example.repository.ProductRepository - Scheduled job completed in 758ms
2025-03-03 07:14:11.000 [http-nio-8080-exec-8] INFO  com.example.job.BackupJob - SSL certificate valid until 2026-12-31
2025-03-03 07:14:26.000 [http-nio-8080-exec-4] INFO  com.example.service.AuthService - Message published to queue: order.created
2025-03-03 07:14:54.000 [scheduler-2] INFO  com.example.service.EmailService - POST /api/orders - 201 Created (7045ms)
2025-03-03 07:15:15.000 [http-nio-8080-exec-5] WARN  com.example.repository.ProductRepository - Low stock alert for product SKU-9597 (remaining: 2072)
2025-03-03 07:15:49.000 [async-pool-1] INFO  com.example.controller.OrderController - Configuration reloaded from application.properties
2025-03-03 07:17:07.000 [async-pool-2] INFO  com.example.controller.OrderController - POST /api/orders - 201 Created (4612ms)
2025-03-03 07:18:21.000 [http-nio-8080-exec-4] INFO  com.example.repository.ProductRepository - Report generated: monthly_sales_2025-03.pdf
2025-03-03 07:19:13.000 [http-nio-8080-exec-7] INFO  com.example.service.AuthService - Request processed: correlationId=73aef346-6c8f-4fd8-b9f5-b7a3dcd3859f
2025-03-03 07:21:12.000 [http-nio-8080-exec-3] INFO  com.example.service.UserService - DELETE /api/sessions/80554 - 204 No Content
2025-03-03 07:22:20.000 [http-nio-8080-exec-5] ERROR  com.example.service.AuthService - ClassCastException: cannot cast String to Integer
java.lang.ClassCastException: class java.lang.String cannot be cast to class java.lang.Integer
	at com.example.service.ReportService.aggregateData(ReportService.java:123)
	at com.example.job.BackupJob.generateReport(BackupJob.java:67)
2025-03-03 07:23:33.000 [async-pool-2] DEBUG  com.example.service.ReportService - Detailed trace for request 4be2222c-1907-48b1-9d54-23d89e67cd52
2025-03-03 07:24:58.000 [http-nio-8080-exec-3] INFO  com.example.job.BackupJob - SSL certificate valid until 2026-12-31
2025-03-03 07:26:16.000 [http-nio-8080-exec-3] INFO  com.example.repository.OrderRepository - Scheduled job completed in 6177ms
2025-03-03 07:27:05.000 [http-nio-8080-exec-10] INFO  com.example.controller.AdminController - Message published to queue: order.created
2025-03-03 07:29:05.000 [async-pool-2] INFO  com.example.service.PaymentService - POST /api/orders - 201 Created (4040ms)
2025-03-03 07:29:33.000 [kafka-consumer-1] INFO  com.example.config.DatabaseConfig - Metrics published: CPU=84%, Memory=39%, Connections=1/10
2025-03-03 07:29:58.000 [http-nio-8080-exec-10] INFO  com.example.config.SecurityConfig - GET /api/users - 200 OK (6619ms)
2025-03-03 07:30:36.000 [http-nio-8080-exec-2] INFO  com.example.controller.UserController - PUT /api/users/profile - 200 OK (5689ms)
2025-03-03 07:30:50.000 [async-pool-2] INFO  com.example.config.DatabaseConfig - Cleanup job started - removed 2850 expired sessions
2025-03-03 07:31:51.000 [scheduler-2] INFO  com.example.service.UserService - DELETE /api/sessions/80182 - 204 No Content
2025-03-03 07:33:50.000 [http-nio-8080-exec-6] ERROR  com.example.controller.OrderController - Message delivery failed: queue=order.notifications
